{"/home/travis/build/npmtest/node-npmtest-cluster-master/test.js":{"path":"/home/travis/build/npmtest/node-npmtest-cluster-master/test.js","s":{"1":2,"2":2,"3":2,"4":2,"5":2,"6":2,"7":2,"8":1,"9":2,"10":2,"11":1,"12":1,"13":1,"14":1,"15":2,"16":2,"17":2,"18":2,"19":1,"20":1,"21":2,"22":2,"23":2,"24":1,"25":1,"26":1,"27":1,"28":1,"29":1,"30":1,"31":1,"32":1,"33":1,"34":1,"35":1,"36":1,"37":1,"38":1,"39":2,"40":2,"41":1,"42":2,"43":2,"44":1,"45":2,"46":2,"47":1,"48":2,"49":2,"50":1,"51":1,"52":1,"53":1,"54":1},"b":{"1":[2,1,1,1],"2":[1,1,1,1],"3":[1,1],"4":[1,1],"5":[1,1],"6":[1,1],"7":[1,1],"8":[1,1],"9":[1,1],"10":[1,1,1],"11":[1,1],"12":[1,1],"13":[1,1],"14":[1,1],"15":[1,1],"16":[1,1],"17":[1,1]},"f":{"1":2,"2":2,"3":2,"4":2,"5":2,"6":1,"7":1,"8":1,"9":2,"10":2,"11":2,"12":2,"13":1},"fnMap":{"1":{"name":"(anonymous_1)","line":12,"loc":{"start":{"line":12,"column":1},"end":{"line":12,"column":13}}},"2":{"name":"(anonymous_2)","line":19,"loc":{"start":{"line":19,"column":5},"end":{"line":19,"column":17}}},"3":{"name":"(anonymous_3)","line":23,"loc":{"start":{"line":23,"column":24},"end":{"line":23,"column":36}}},"4":{"name":"(anonymous_4)","line":61,"loc":{"start":{"line":61,"column":5},"end":{"line":61,"column":17}}},"5":{"name":"(anonymous_5)","line":82,"loc":{"start":{"line":82,"column":5},"end":{"line":82,"column":17}}},"6":{"name":"(anonymous_6)","line":91,"loc":{"start":{"line":91,"column":77},"end":{"line":94,"column":10}}},"7":{"name":"(anonymous_7)","line":112,"loc":{"start":{"line":112,"column":83},"end":{"line":115,"column":10}},"skip":true},"8":{"name":"(anonymous_8)","line":123,"loc":{"start":{"line":123,"column":77},"end":{"line":126,"column":10}},"skip":true},"9":{"name":"(anonymous_9)","line":139,"loc":{"start":{"line":139,"column":12},"end":{"line":139,"column":40}},"skip":true},"10":{"name":"(anonymous_10)","line":147,"loc":{"start":{"line":147,"column":77},"end":{"line":150,"column":10}},"skip":true},"11":{"name":"(anonymous_11)","line":158,"loc":{"start":{"line":158,"column":83},"end":{"line":161,"column":10}},"skip":true},"12":{"name":"(anonymous_12)","line":169,"loc":{"start":{"line":169,"column":79},"end":{"line":172,"column":10}},"skip":true},"13":{"name":"(anonymous_13)","line":180,"loc":{"start":{"line":180,"column":75},"end":{"line":183,"column":10}},"skip":true}},"statementMap":{"1":{"start":{"line":12,"column":0},"end":{"line":195,"column":5}},"2":{"start":{"line":14,"column":4},"end":{"line":14,"column":14}},"3":{"start":{"line":19,"column":4},"end":{"line":56,"column":9}},"4":{"start":{"line":21,"column":8},"end":{"line":21,"column":19}},"5":{"start":{"line":23,"column":8},"end":{"line":35,"column":13}},"6":{"start":{"line":24,"column":12},"end":{"line":34,"column":13}},"7":{"start":{"line":25,"column":16},"end":{"line":28,"column":30}},"8":{"start":{"line":30,"column":16},"end":{"line":33,"column":27}},"9":{"start":{"line":37,"column":8},"end":{"line":39,"column":21}},"10":{"start":{"line":40,"column":8},"end":{"line":53,"column":9}},"11":{"start":{"line":43,"column":12},"end":{"line":46,"column":14}},"12":{"start":{"line":47,"column":12},"end":{"line":47,"column":18}},"13":{"start":{"line":50,"column":12},"end":{"line":51,"column":33}},"14":{"start":{"line":52,"column":12},"end":{"line":52,"column":18}},"15":{"start":{"line":55,"column":8},"end":{"line":55,"column":35}},"16":{"start":{"line":61,"column":4},"end":{"line":63,"column":9}},"17":{"start":{"line":62,"column":8},"end":{"line":62,"column":15}},"18":{"start":{"line":64,"column":4},"end":{"line":77,"column":5}},"19":{"start":{"line":70,"column":8},"end":{"line":70,"column":14}},"20":{"start":{"line":76,"column":8},"end":{"line":76,"column":14}},"21":{"start":{"line":82,"column":4},"end":{"line":84,"column":9}},"22":{"start":{"line":83,"column":8},"end":{"line":83,"column":15}},"23":{"start":{"line":85,"column":4},"end":{"line":194,"column":5}},"24":{"start":{"line":91,"column":8},"end":{"line":99,"column":10}},"25":{"start":{"line":98,"column":12},"end":{"line":98,"column":35}},"26":{"start":{"line":102,"column":8},"end":{"line":104,"column":63}},"27":{"start":{"line":105,"column":8},"end":{"line":105,"column":14}},"28":{"start":{"line":112,"column":8},"end":{"line":121,"column":10},"skip":true},"29":{"start":{"line":119,"column":12},"end":{"line":119,"column":55},"skip":true},"30":{"start":{"line":120,"column":12},"end":{"line":120,"column":48},"skip":true},"31":{"start":{"line":123,"column":8},"end":{"line":136,"column":10},"skip":true},"32":{"start":{"line":130,"column":12},"end":{"line":130,"column":76},"skip":true},"33":{"start":{"line":131,"column":12},"end":{"line":131,"column":73},"skip":true},"34":{"start":{"line":132,"column":12},"end":{"line":132,"column":74},"skip":true},"35":{"start":{"line":133,"column":12},"end":{"line":133,"column":79},"skip":true},"36":{"start":{"line":134,"column":12},"end":{"line":134,"column":25},"skip":true},"37":{"start":{"line":135,"column":12},"end":{"line":135,"column":45},"skip":true},"38":{"start":{"line":138,"column":8},"end":{"line":145,"column":14},"skip":true},"39":{"start":{"line":143,"column":16},"end":{"line":143,"column":29},"skip":true},"40":{"start":{"line":144,"column":16},"end":{"line":144,"column":55},"skip":true},"41":{"start":{"line":147,"column":8},"end":{"line":156,"column":10},"skip":true},"42":{"start":{"line":154,"column":12},"end":{"line":154,"column":25},"skip":true},"43":{"start":{"line":155,"column":12},"end":{"line":155,"column":45},"skip":true},"44":{"start":{"line":158,"column":8},"end":{"line":167,"column":10},"skip":true},"45":{"start":{"line":165,"column":12},"end":{"line":165,"column":25},"skip":true},"46":{"start":{"line":166,"column":12},"end":{"line":166,"column":48},"skip":true},"47":{"start":{"line":169,"column":8},"end":{"line":178,"column":10},"skip":true},"48":{"start":{"line":176,"column":12},"end":{"line":176,"column":25},"skip":true},"49":{"start":{"line":177,"column":12},"end":{"line":177,"column":46},"skip":true},"50":{"start":{"line":180,"column":8},"end":{"line":189,"column":10},"skip":true},"51":{"start":{"line":187,"column":12},"end":{"line":187,"column":94},"skip":true},"52":{"start":{"line":188,"column":12},"end":{"line":188,"column":48},"skip":true},"53":{"start":{"line":192,"column":8},"end":{"line":192,"column":35},"skip":true},"54":{"start":{"line":193,"column":8},"end":{"line":193,"column":14},"skip":true}},"branchMap":{"1":{"line":25,"type":"binary-expr","locations":[{"start":{"line":25,"column":23},"end":{"line":25,"column":62}},{"start":{"line":26,"column":20},"end":{"line":26,"column":70}},{"start":{"line":27,"column":20},"end":{"line":27,"column":71}},{"start":{"line":28,"column":20},"end":{"line":28,"column":29}}]},"2":{"line":30,"type":"binary-expr","locations":[{"start":{"line":30,"column":23},"end":{"line":30,"column":37}},{"start":{"line":31,"column":20},"end":{"line":31,"column":61}},{"start":{"line":32,"column":20},"end":{"line":32,"column":70}},{"start":{"line":33,"column":20},"end":{"line":33,"column":26}}]},"3":{"line":37,"type":"cond-expr","locations":[{"start":{"line":38,"column":14},"end":{"line":38,"column":20}},{"start":{"line":39,"column":14},"end":{"line":39,"column":20}}]},"4":{"line":40,"type":"switch","locations":[{"start":{"line":42,"column":8},"end":{"line":47,"column":18}},{"start":{"line":49,"column":8},"end":{"line":52,"column":18}}]},"5":{"line":44,"type":"binary-expr","locations":[{"start":{"line":44,"column":16},"end":{"line":44,"column":44}},{"start":{"line":44,"column":48},"end":{"line":44,"column":66}}]},"6":{"line":50,"type":"binary-expr","locations":[{"start":{"line":50,"column":21},"end":{"line":50,"column":49}},{"start":{"line":50,"column":53},"end":{"line":50,"column":72}}]},"7":{"line":64,"type":"switch","locations":[{"start":{"line":69,"column":4},"end":{"line":70,"column":14}},{"start":{"line":75,"column":4},"end":{"line":76,"column":14}}]},"8":{"line":85,"type":"switch","locations":[{"start":{"line":90,"column":4},"end":{"line":105,"column":14}},{"start":{"line":111,"column":4},"end":{"line":193,"column":14},"skip":true}]},"9":{"line":91,"type":"binary-expr","locations":[{"start":{"line":91,"column":42},"end":{"line":91,"column":73}},{"start":{"line":91,"column":77},"end":{"line":99,"column":9}}]},"10":{"line":102,"type":"binary-expr","locations":[{"start":{"line":102,"column":18},"end":{"line":102,"column":32}},{"start":{"line":103,"column":12},"end":{"line":103,"column":53}},{"start":{"line":104,"column":12},"end":{"line":104,"column":61}}]},"11":{"line":112,"type":"binary-expr","locations":[{"start":{"line":112,"column":45},"end":{"line":112,"column":79},"skip":true},{"start":{"line":112,"column":83},"end":{"line":121,"column":9},"skip":true}]},"12":{"line":123,"type":"binary-expr","locations":[{"start":{"line":123,"column":42},"end":{"line":123,"column":73},"skip":true},{"start":{"line":123,"column":77},"end":{"line":136,"column":9},"skip":true}]},"13":{"line":138,"type":"binary-expr","locations":[{"start":{"line":138,"column":48},"end":{"line":138,"column":85},"skip":true},{"start":{"line":139,"column":12},"end":{"line":145,"column":13},"skip":true}]},"14":{"line":147,"type":"binary-expr","locations":[{"start":{"line":147,"column":42},"end":{"line":147,"column":73},"skip":true},{"start":{"line":147,"column":77},"end":{"line":156,"column":9},"skip":true}]},"15":{"line":158,"type":"binary-expr","locations":[{"start":{"line":158,"column":45},"end":{"line":158,"column":79},"skip":true},{"start":{"line":158,"column":83},"end":{"line":167,"column":9},"skip":true}]},"16":{"line":169,"type":"binary-expr","locations":[{"start":{"line":169,"column":43},"end":{"line":169,"column":75},"skip":true},{"start":{"line":169,"column":79},"end":{"line":178,"column":9},"skip":true}]},"17":{"line":180,"type":"binary-expr","locations":[{"start":{"line":180,"column":41},"end":{"line":180,"column":71},"skip":true},{"start":{"line":180,"column":75},"end":{"line":189,"column":9},"skip":true}]}},"code":["/* istanbul instrument in package npmtest_cluster_master */","/*jslint","    bitwise: true,","    browser: true,","    maxerr: 8,","    maxlen: 96,","    node: true,","    nomen: true,","    regexp: true,","    stupid: true","*/","(function () {","    'use strict';","    var local;","","","","    // run shared js-env code - init-before","    (function () {","        // init local","        local = {};","        // init modeJs","        local.modeJs = (function () {","            try {","                return typeof navigator.userAgent === 'string' &&","                    typeof document.querySelector('body') === 'object' &&","                    typeof XMLHttpRequest.prototype.open === 'function' &&","                    'browser';","            } catch (errorCaughtBrowser) {","                return module.exports &&","                    typeof process.versions.node === 'string' &&","                    typeof require('http').createServer === 'function' &&","                    'node';","            }","        }());","        // init global","        local.global = local.modeJs === 'browser'","            ? window","            : global;","        switch (local.modeJs) {","        // re-init local from window.local","        case 'browser':","            local = local.global.utility2.objectSetDefault(","                local.global.utility2_rollup || local.global.local,","                local.global.utility2","            );","            break;","        // re-init local from example.js","        case 'node':","            local = (local.global.utility2_rollup || require('utility2'))","                .requireReadme();","            break;","        }","        // export local","        local.global.local = local;","    }());","","","","    // run shared js-env code - function","    (function () {","        return;","    }());","    switch (local.modeJs) {","","","","    // run browser js-env code - function","    case 'browser':","        break;","","","","    // run node js-env code - function","    case 'node':","        break;","    }","","","","    // run shared js-env code - init-after","    (function () {","        return;","    }());","    switch (local.modeJs) {","","","","    // run browser js-env code - init-after","    case 'browser':","        local.testCase_browser_nullCase = local.testCase_browser_nullCase || function (","            options,","            onError","        ) {","        /*","         * this function will test browsers's null-case handling-behavior-behavior","         */","            onError(null, options);","        };","","        // run tests","        local.nop(local.modeTest &&","            document.querySelector('#testRunButton1') &&","            document.querySelector('#testRunButton1').click());","        break;","","","","    // run node js-env code - init-after","    /* istanbul ignore next */","    case 'node':","        local.testCase_buildApidoc_default = local.testCase_buildApidoc_default || function (","            options,","            onError","        ) {","        /*","         * this function will test buildApidoc's default handling-behavior-behavior","         */","            options = { modulePathList: module.paths };","            local.buildApidoc(options, onError);","        };","","        local.testCase_buildApp_default = local.testCase_buildApp_default || function (","            options,","            onError","        ) {","        /*","         * this function will test buildApp's default handling-behavior-behavior","         */","            local.testCase_buildReadme_default(options, local.onErrorThrow);","            local.testCase_buildLib_default(options, local.onErrorThrow);","            local.testCase_buildTest_default(options, local.onErrorThrow);","            local.testCase_buildCustomOrg_default(options, local.onErrorThrow);","            options = [];","            local.buildApp(options, onError);","        };","","        local.testCase_buildCustomOrg_default = local.testCase_buildCustomOrg_default ||","            function (options, onError) {","            /*","             * this function will test buildCustomOrg's default handling-behavior","             */","                options = {};","                local.buildCustomOrg(options, onError);","            };","","        local.testCase_buildLib_default = local.testCase_buildLib_default || function (","            options,","            onError","        ) {","        /*","         * this function will test buildLib's default handling-behavior","         */","            options = {};","            local.buildLib(options, onError);","        };","","        local.testCase_buildReadme_default = local.testCase_buildReadme_default || function (","            options,","            onError","        ) {","        /*","         * this function will test buildReadme's default handling-behavior-behavior","         */","            options = {};","            local.buildReadme(options, onError);","        };","","        local.testCase_buildTest_default = local.testCase_buildTest_default || function (","            options,","            onError","        ) {","        /*","         * this function will test buildTest's default handling-behavior","         */","            options = {};","            local.buildTest(options, onError);","        };","","        local.testCase_webpage_default = local.testCase_webpage_default || function (","            options,","            onError","        ) {","        /*","         * this function will test webpage's default handling-behavior","         */","            options = { modeCoverageMerge: true, url: local.serverLocalHost + '?modeTest=1' };","            local.browserTest(options, onError);","        };","","        // run test-server","        local.testRunServer(local);","        break;","    }","}());",""],"l":{"12":2,"14":2,"19":2,"21":2,"23":2,"24":2,"25":2,"30":1,"37":2,"40":2,"43":1,"47":1,"50":1,"52":1,"55":2,"61":2,"62":2,"64":2,"70":1,"76":1,"82":2,"83":2,"85":2,"91":1,"98":1,"102":1,"105":1,"112":1,"119":1,"120":1,"123":1,"130":1,"131":1,"132":1,"133":1,"134":1,"135":1,"138":1,"143":2,"144":2,"147":1,"154":2,"155":2,"158":1,"165":2,"166":2,"169":1,"176":2,"177":2,"180":1,"187":1,"188":1,"192":1,"193":1}},"/home/travis/build/npmtest/node-npmtest-cluster-master/lib.npmtest_cluster_master.js":{"path":"/home/travis/build/npmtest/node-npmtest-cluster-master/lib.npmtest_cluster_master.js","s":{"1":2,"2":2,"3":2,"4":2,"5":2,"6":2,"7":2,"8":1,"9":2,"10":2,"11":2,"12":2,"13":1,"14":1,"15":1,"16":1},"b":{"1":[2,1,1,1],"2":[1,1,1,1],"3":[1,1],"4":[2,2],"5":[1,1]},"f":{"1":2,"2":2,"3":2},"fnMap":{"1":{"name":"(anonymous_1)","line":12,"loc":{"start":{"line":12,"column":1},"end":{"line":12,"column":13}}},"2":{"name":"(anonymous_2)","line":19,"loc":{"start":{"line":19,"column":5},"end":{"line":19,"column":17}}},"3":{"name":"(anonymous_3)","line":23,"loc":{"start":{"line":23,"column":24},"end":{"line":23,"column":36}}}},"statementMap":{"1":{"start":{"line":12,"column":0},"end":{"line":53,"column":5}},"2":{"start":{"line":14,"column":4},"end":{"line":14,"column":14}},"3":{"start":{"line":19,"column":4},"end":{"line":52,"column":9}},"4":{"start":{"line":21,"column":8},"end":{"line":21,"column":19}},"5":{"start":{"line":23,"column":8},"end":{"line":35,"column":13}},"6":{"start":{"line":24,"column":12},"end":{"line":34,"column":13}},"7":{"start":{"line":25,"column":16},"end":{"line":28,"column":30}},"8":{"start":{"line":30,"column":16},"end":{"line":33,"column":27}},"9":{"start":{"line":37,"column":8},"end":{"line":39,"column":21}},"10":{"start":{"line":41,"column":8},"end":{"line":41,"column":54}},"11":{"start":{"line":43,"column":8},"end":{"line":43,"column":59}},"12":{"start":{"line":45,"column":8},"end":{"line":51,"column":9}},"13":{"start":{"line":46,"column":12},"end":{"line":46,"column":65}},"14":{"start":{"line":48,"column":12},"end":{"line":48,"column":35}},"15":{"start":{"line":49,"column":12},"end":{"line":49,"column":49}},"16":{"start":{"line":50,"column":12},"end":{"line":50,"column":43}}},"branchMap":{"1":{"line":25,"type":"binary-expr","locations":[{"start":{"line":25,"column":23},"end":{"line":25,"column":62}},{"start":{"line":26,"column":20},"end":{"line":26,"column":70}},{"start":{"line":27,"column":20},"end":{"line":27,"column":71}},{"start":{"line":28,"column":20},"end":{"line":28,"column":29}}]},"2":{"line":30,"type":"binary-expr","locations":[{"start":{"line":30,"column":23},"end":{"line":30,"column":37}},{"start":{"line":31,"column":20},"end":{"line":31,"column":61}},{"start":{"line":32,"column":20},"end":{"line":32,"column":70}},{"start":{"line":33,"column":20},"end":{"line":33,"column":26}}]},"3":{"line":37,"type":"cond-expr","locations":[{"start":{"line":38,"column":14},"end":{"line":38,"column":20}},{"start":{"line":39,"column":14},"end":{"line":39,"column":20}}]},"4":{"line":41,"type":"binary-expr","locations":[{"start":{"line":41,"column":16},"end":{"line":41,"column":44}},{"start":{"line":41,"column":48},"end":{"line":41,"column":53}}]},"5":{"line":45,"type":"if","locations":[{"start":{"line":45,"column":8},"end":{"line":45,"column":8}},{"start":{"line":45,"column":8},"end":{"line":45,"column":8}}]}},"code":["/* istanbul instrument in package npmtest_cluster_master */","/*jslint","    bitwise: true,","    browser: true,","    maxerr: 8,","    maxlen: 96,","    node: true,","    nomen: true,","    regexp: true,","    stupid: true","*/","(function () {","    'use strict';","    var local;","","","","    // run shared js-env code - init-before","    (function () {","        // init local","        local = {};","        // init modeJs","        local.modeJs = (function () {","            try {","                return typeof navigator.userAgent === 'string' &&","                    typeof document.querySelector('body') === 'object' &&","                    typeof XMLHttpRequest.prototype.open === 'function' &&","                    'browser';","            } catch (errorCaughtBrowser) {","                return module.exports &&","                    typeof process.versions.node === 'string' &&","                    typeof require('http').createServer === 'function' &&","                    'node';","            }","        }());","        // init global","        local.global = local.modeJs === 'browser'","            ? window","            : global;","        // init utility2_rollup","        local = local.global.utility2_rollup || local;","        // init lib","        local.local = local.npmtest_cluster_master = local;","        // init exports","        if (local.modeJs === 'browser') {","            local.global.utility2_npmtest_cluster_master = local;","        } else {","            module.exports = local;","            module.exports.__dirname = __dirname;","            module.exports.module = module;","        }","    }());","}());",""],"l":{"12":2,"14":2,"19":2,"21":2,"23":2,"24":2,"25":2,"30":1,"37":2,"41":2,"43":2,"45":2,"46":1,"48":1,"49":1,"50":1}},"/home/travis/build/npmtest/node-npmtest-cluster-master/example.js":{"path":"/home/travis/build/npmtest/node-npmtest-cluster-master/example.js","s":{"1":2,"2":2,"3":2,"4":2,"5":2,"6":2,"7":2,"8":1,"9":2,"10":2,"11":2,"12":2,"13":1,"14":2,"15":2,"16":2,"17":2,"18":2,"19":0,"20":2,"21":1,"22":1,"23":1,"24":1,"25":1,"26":0,"27":0,"28":1,"29":1,"30":2,"31":0,"32":0,"33":0,"34":1,"35":2,"36":2,"37":3,"38":3,"39":3,"40":3,"41":0,"42":3,"43":3,"44":3,"45":1,"46":3,"47":1,"48":1,"49":1,"50":1,"51":1,"52":1,"53":1,"54":1,"55":1,"56":1,"57":0,"58":1,"59":6,"60":6,"61":1,"62":2,"63":0,"64":2,"65":1,"66":1,"67":0,"68":0,"69":0,"70":0,"71":0,"72":0,"73":0,"74":0,"75":0,"76":0,"77":0,"78":0,"79":0,"80":0,"81":0,"82":0,"83":0},"b":{"1":[2,1,1,1],"2":[1,1,1,1],"3":[1,1],"4":[2,2],"5":[1,1],"6":[1,1],"7":[2,0],"8":[2,1,1,1,1,1],"9":[0,2,0],"10":[1,1],"11":[2,1,1],"12":[1,0],"13":[0,2],"14":[2,0,0,0,0,0,0],"15":[0,3],"16":[3,0],"17":[1,1],"18":[0,1],"19":[1,2,0,2],"20":[1,0],"21":[1,1],"22":[0,0],"23":[0,0],"24":[0,0],"25":[0,0],"26":[0,0],"27":[0,0],"28":[0,0]},"f":{"1":2,"2":2,"3":2,"4":2,"5":2,"6":2,"7":3,"8":3,"9":3,"10":1,"11":6,"12":0},"fnMap":{"1":{"name":"(anonymous_1)","line":26,"loc":{"start":{"line":26,"column":1},"end":{"line":26,"column":13}}},"2":{"name":"(anonymous_2)","line":33,"loc":{"start":{"line":33,"column":5},"end":{"line":33,"column":17}}},"3":{"name":"(anonymous_3)","line":37,"loc":{"start":{"line":37,"column":24},"end":{"line":37,"column":36}}},"4":{"name":"(anonymous_4)","line":69,"loc":{"start":{"line":69,"column":31},"end":{"line":69,"column":48}},"skip":true},"5":{"name":"(anonymous_5)","line":78,"loc":{"start":{"line":78,"column":26},"end":{"line":78,"column":45}},"skip":true},"6":{"name":"(anonymous_6)","line":123,"loc":{"start":{"line":123,"column":33},"end":{"line":123,"column":48}},"skip":true},"7":{"name":"(anonymous_7)","line":125,"loc":{"start":{"line":125,"column":27},"end":{"line":125,"column":39}},"skip":true},"8":{"name":"(anonymous_8)","line":133,"loc":{"start":{"line":133,"column":59},"end":{"line":133,"column":74}},"skip":true},"9":{"name":"(anonymous_9)","line":143,"loc":{"start":{"line":143,"column":45},"end":{"line":143,"column":62}},"skip":true},"10":{"name":"(anonymous_10)","line":144,"loc":{"start":{"line":144,"column":73},"end":{"line":144,"column":92}},"skip":true},"11":{"name":"(anonymous_11)","line":272,"loc":{"start":{"line":272,"column":51},"end":{"line":272,"column":77}},"skip":true},"12":{"name":"(anonymous_12)","line":315,"loc":{"start":{"line":315,"column":32},"end":{"line":315,"column":61}},"skip":true}},"statementMap":{"1":{"start":{"line":26,"column":0},"end":{"line":326,"column":5}},"2":{"start":{"line":28,"column":4},"end":{"line":28,"column":14}},"3":{"start":{"line":33,"column":4},"end":{"line":60,"column":9}},"4":{"start":{"line":35,"column":8},"end":{"line":35,"column":19}},"5":{"start":{"line":37,"column":8},"end":{"line":49,"column":13}},"6":{"start":{"line":38,"column":12},"end":{"line":48,"column":13}},"7":{"start":{"line":39,"column":16},"end":{"line":42,"column":30}},"8":{"start":{"line":44,"column":16},"end":{"line":47,"column":27}},"9":{"start":{"line":51,"column":8},"end":{"line":53,"column":21}},"10":{"start":{"line":55,"column":8},"end":{"line":57,"column":45}},"11":{"start":{"line":59,"column":8},"end":{"line":59,"column":35}},"12":{"start":{"line":61,"column":4},"end":{"line":325,"column":5}},"13":{"start":{"line":69,"column":8},"end":{"line":121,"column":10},"skip":true},"14":{"start":{"line":70,"column":12},"end":{"line":88,"column":13},"skip":true},"15":{"start":{"line":76,"column":16},"end":{"line":87,"column":19},"skip":true},"16":{"start":{"line":79,"column":20},"end":{"line":86,"column":21},"skip":true},"17":{"start":{"line":82,"column":24},"end":{"line":82,"column":43},"skip":true},"18":{"start":{"line":83,"column":24},"end":{"line":83,"column":30},"skip":true},"19":{"start":{"line":85,"column":24},"end":{"line":85,"column":49},"skip":true},"20":{"start":{"line":89,"column":12},"end":{"line":107,"column":13},"skip":true},"21":{"start":{"line":92,"column":16},"end":{"line":102,"column":17},"skip":true},"22":{"start":{"line":93,"column":20},"end":{"line":93,"column":86},"skip":true},"23":{"start":{"line":94,"column":20},"end":{"line":95,"column":45},"skip":true},"24":{"start":{"line":96,"column":20},"end":{"line":96,"column":42},"skip":true},"25":{"start":{"line":97,"column":20},"end":{"line":97,"column":48},"skip":true},"26":{"start":{"line":100,"column":20},"end":{"line":100,"column":85},"skip":true},"27":{"start":{"line":101,"column":20},"end":{"line":101,"column":96},"skip":true},"28":{"start":{"line":103,"column":16},"end":{"line":103,"column":22},"skip":true},"29":{"start":{"line":106,"column":16},"end":{"line":106,"column":22},"skip":true},"30":{"start":{"line":108,"column":12},"end":{"line":120,"column":13},"skip":true},"31":{"start":{"line":114,"column":16},"end":{"line":119,"column":17},"skip":true},"32":{"start":{"line":116,"column":20},"end":{"line":116,"column":78},"skip":true},"33":{"start":{"line":118,"column":20},"end":{"line":118,"column":47},"skip":true},"34":{"start":{"line":123,"column":8},"end":{"line":141,"column":11},"skip":true},"35":{"start":{"line":124,"column":12},"end":{"line":124,"column":54},"skip":true},"36":{"start":{"line":125,"column":12},"end":{"line":140,"column":14},"skip":true},"37":{"start":{"line":126,"column":16},"end":{"line":126,"column":28},"skip":true},"38":{"start":{"line":127,"column":16},"end":{"line":127,"column":69},"skip":true},"39":{"start":{"line":128,"column":16},"end":{"line":128,"column":75},"skip":true},"40":{"start":{"line":129,"column":16},"end":{"line":131,"column":17},"skip":true},"41":{"start":{"line":130,"column":20},"end":{"line":130,"column":27},"skip":true},"42":{"start":{"line":133,"column":16},"end":{"line":137,"column":36},"skip":true},"43":{"start":{"line":134,"column":20},"end":{"line":136,"column":55},"skip":true},"44":{"start":{"line":139,"column":16},"end":{"line":139,"column":57},"skip":true},"45":{"start":{"line":143,"column":8},"end":{"line":147,"column":11},"skip":true},"46":{"start":{"line":144,"column":12},"end":{"line":146,"column":15},"skip":true},"47":{"start":{"line":145,"column":16},"end":{"line":145,"column":70},"skip":true},"48":{"start":{"line":149,"column":8},"end":{"line":149,"column":31},"skip":true},"49":{"start":{"line":150,"column":8},"end":{"line":150,"column":14},"skip":true},"50":{"start":{"line":158,"column":8},"end":{"line":158,"column":31},"skip":true},"51":{"start":{"line":160,"column":8},"end":{"line":160,"column":33},"skip":true},"52":{"start":{"line":161,"column":8},"end":{"line":161,"column":37},"skip":true},"53":{"start":{"line":162,"column":8},"end":{"line":162,"column":35},"skip":true},"54":{"start":{"line":164,"column":8},"end":{"line":164,"column":50},"skip":true},"55":{"start":{"line":166,"column":8},"end":{"line":256,"column":2},"skip":true},"56":{"start":{"line":258,"column":8},"end":{"line":286,"column":9},"skip":true},"57":{"start":{"line":259,"column":12},"end":{"line":269,"column":14},"skip":true},"58":{"start":{"line":271,"column":12},"end":{"line":285,"column":19},"skip":true},"59":{"start":{"line":274,"column":20},"end":{"line":274,"column":35},"skip":true},"60":{"start":{"line":275,"column":20},"end":{"line":284,"column":21},"skip":true},"61":{"start":{"line":277,"column":24},"end":{"line":277,"column":64},"skip":true},"62":{"start":{"line":279,"column":24},"end":{"line":279,"column":40},"skip":true},"63":{"start":{"line":281,"column":24},"end":{"line":281,"column":40},"skip":true},"64":{"start":{"line":283,"column":24},"end":{"line":283,"column":39},"skip":true},"65":{"start":{"line":288,"column":8},"end":{"line":290,"column":9},"skip":true},"66":{"start":{"line":289,"column":12},"end":{"line":289,"column":18},"skip":true},"67":{"start":{"line":291,"column":8},"end":{"line":293,"column":54},"skip":true},"68":{"start":{"line":296,"column":8},"end":{"line":301,"column":37},"skip":true},"69":{"start":{"line":303,"column":8},"end":{"line":303,"column":82},"skip":true},"70":{"start":{"line":306,"column":8},"end":{"line":308,"column":9},"skip":true},"71":{"start":{"line":307,"column":12},"end":{"line":307,"column":82},"skip":true},"72":{"start":{"line":310,"column":8},"end":{"line":312,"column":9},"skip":true},"73":{"start":{"line":311,"column":12},"end":{"line":311,"column":18},"skip":true},"74":{"start":{"line":313,"column":8},"end":{"line":313,"column":54},"skip":true},"75":{"start":{"line":314,"column":8},"end":{"line":314,"column":69},"skip":true},"76":{"start":{"line":315,"column":8},"end":{"line":323,"column":36},"skip":true},"77":{"start":{"line":316,"column":12},"end":{"line":316,"column":61},"skip":true},"78":{"start":{"line":317,"column":12},"end":{"line":320,"column":13},"skip":true},"79":{"start":{"line":318,"column":16},"end":{"line":318,"column":75},"skip":true},"80":{"start":{"line":319,"column":16},"end":{"line":319,"column":23},"skip":true},"81":{"start":{"line":321,"column":12},"end":{"line":321,"column":38},"skip":true},"82":{"start":{"line":322,"column":12},"end":{"line":322,"column":27},"skip":true},"83":{"start":{"line":324,"column":8},"end":{"line":324,"column":14},"skip":true}},"branchMap":{"1":{"line":39,"type":"binary-expr","locations":[{"start":{"line":39,"column":23},"end":{"line":39,"column":62}},{"start":{"line":40,"column":20},"end":{"line":40,"column":70}},{"start":{"line":41,"column":20},"end":{"line":41,"column":71}},{"start":{"line":42,"column":20},"end":{"line":42,"column":29}}]},"2":{"line":44,"type":"binary-expr","locations":[{"start":{"line":44,"column":23},"end":{"line":44,"column":37}},{"start":{"line":45,"column":20},"end":{"line":45,"column":61}},{"start":{"line":46,"column":20},"end":{"line":46,"column":70}},{"start":{"line":47,"column":20},"end":{"line":47,"column":26}}]},"3":{"line":51,"type":"cond-expr","locations":[{"start":{"line":52,"column":14},"end":{"line":52,"column":20}},{"start":{"line":53,"column":14},"end":{"line":53,"column":20}}]},"4":{"line":55,"type":"binary-expr","locations":[{"start":{"line":55,"column":16},"end":{"line":55,"column":44}},{"start":{"line":55,"column":49},"end":{"line":57,"column":43}}]},"5":{"line":55,"type":"cond-expr","locations":[{"start":{"line":56,"column":14},"end":{"line":56,"column":58}},{"start":{"line":57,"column":14},"end":{"line":57,"column":43}}]},"6":{"line":61,"type":"switch","locations":[{"start":{"line":68,"column":4},"end":{"line":150,"column":14},"skip":true},{"start":{"line":156,"column":4},"end":{"line":324,"column":14},"skip":true}]},"7":{"line":70,"type":"if","locations":[{"start":{"line":70,"column":12},"end":{"line":70,"column":12},"skip":true},{"start":{"line":70,"column":12},"end":{"line":70,"column":12},"skip":true}]},"8":{"line":70,"type":"binary-expr","locations":[{"start":{"line":70,"column":16},"end":{"line":70,"column":22},"skip":true},{"start":{"line":70,"column":27},"end":{"line":70,"column":32},"skip":true},{"start":{"line":71,"column":20},"end":{"line":71,"column":39},"skip":true},{"start":{"line":72,"column":20},"end":{"line":72,"column":49},"skip":true},{"start":{"line":73,"column":20},"end":{"line":73,"column":58},"skip":true},{"start":{"line":74,"column":20},"end":{"line":74,"column":69},"skip":true}]},"9":{"line":79,"type":"switch","locations":[{"start":{"line":80,"column":20},"end":{"line":80,"column":33},"skip":true},{"start":{"line":81,"column":20},"end":{"line":83,"column":30},"skip":true},{"start":{"line":84,"column":20},"end":{"line":85,"column":49},"skip":true}]},"10":{"line":89,"type":"switch","locations":[{"start":{"line":90,"column":12},"end":{"line":103,"column":22},"skip":true},{"start":{"line":105,"column":12},"end":{"line":106,"column":22},"skip":true}]},"11":{"line":89,"type":"binary-expr","locations":[{"start":{"line":89,"column":20},"end":{"line":89,"column":25},"skip":true},{"start":{"line":89,"column":29},"end":{"line":89,"column":48},"skip":true},{"start":{"line":89,"column":52},"end":{"line":89,"column":74},"skip":true}]},"12":{"line":92,"type":"if","locations":[{"start":{"line":92,"column":16},"end":{"line":92,"column":16},"skip":true},{"start":{"line":92,"column":16},"end":{"line":92,"column":16},"skip":true}]},"13":{"line":108,"type":"if","locations":[{"start":{"line":108,"column":12},"end":{"line":108,"column":12},"skip":true},{"start":{"line":108,"column":12},"end":{"line":108,"column":12},"skip":true}]},"14":{"line":108,"type":"binary-expr","locations":[{"start":{"line":108,"column":16},"end":{"line":108,"column":61},"skip":true},{"start":{"line":108,"column":66},"end":{"line":108,"column":72},"skip":true},{"start":{"line":108,"column":77},"end":{"line":108,"column":82},"skip":true},{"start":{"line":109,"column":20},"end":{"line":109,"column":39},"skip":true},{"start":{"line":110,"column":20},"end":{"line":110,"column":49},"skip":true},{"start":{"line":111,"column":20},"end":{"line":111,"column":58},"skip":true},{"start":{"line":112,"column":20},"end":{"line":112,"column":68},"skip":true}]},"15":{"line":129,"type":"if","locations":[{"start":{"line":129,"column":16},"end":{"line":129,"column":16},"skip":true},{"start":{"line":129,"column":16},"end":{"line":129,"column":16},"skip":true}]},"16":{"line":134,"type":"cond-expr","locations":[{"start":{"line":135,"column":26},"end":{"line":135,"column":29},"skip":true},{"start":{"line":136,"column":26},"end":{"line":136,"column":54},"skip":true}]},"17":{"line":164,"type":"binary-expr","locations":[{"start":{"line":164,"column":27},"end":{"line":164,"column":43},"skip":true},{"start":{"line":164,"column":47},"end":{"line":164,"column":49},"skip":true}]},"18":{"line":258,"type":"if","locations":[{"start":{"line":258,"column":8},"end":{"line":258,"column":8},"skip":true},{"start":{"line":258,"column":8},"end":{"line":258,"column":8},"skip":true}]},"19":{"line":275,"type":"switch","locations":[{"start":{"line":276,"column":20},"end":{"line":277,"column":64},"skip":true},{"start":{"line":278,"column":20},"end":{"line":279,"column":40},"skip":true},{"start":{"line":280,"column":20},"end":{"line":281,"column":40},"skip":true},{"start":{"line":282,"column":20},"end":{"line":283,"column":39},"skip":true}]},"20":{"line":288,"type":"if","locations":[{"start":{"line":288,"column":8},"end":{"line":288,"column":8},"skip":true},{"start":{"line":288,"column":8},"end":{"line":288,"column":8},"skip":true}]},"21":{"line":288,"type":"binary-expr","locations":[{"start":{"line":288,"column":12},"end":{"line":288,"column":40},"skip":true},{"start":{"line":288,"column":44},"end":{"line":288,"column":67},"skip":true}]},"22":{"line":292,"type":"binary-expr","locations":[{"start":{"line":292,"column":12},"end":{"line":292,"column":50},"skip":true},{"start":{"line":293,"column":12},"end":{"line":293,"column":53},"skip":true}]},"23":{"line":297,"type":"binary-expr","locations":[{"start":{"line":297,"column":12},"end":{"line":297,"column":72},"skip":true},{"start":{"line":298,"column":12},"end":{"line":301,"column":36},"skip":true}]},"24":{"line":303,"type":"binary-expr","locations":[{"start":{"line":303,"column":43},"end":{"line":303,"column":75},"skip":true},{"start":{"line":303,"column":79},"end":{"line":303,"column":81},"skip":true}]},"25":{"line":306,"type":"if","locations":[{"start":{"line":306,"column":8},"end":{"line":306,"column":8},"skip":true},{"start":{"line":306,"column":8},"end":{"line":306,"column":8},"skip":true}]},"26":{"line":310,"type":"if","locations":[{"start":{"line":310,"column":8},"end":{"line":310,"column":8},"skip":true},{"start":{"line":310,"column":8},"end":{"line":310,"column":8},"skip":true}]},"27":{"line":313,"type":"binary-expr","locations":[{"start":{"line":313,"column":27},"end":{"line":313,"column":43},"skip":true},{"start":{"line":313,"column":47},"end":{"line":313,"column":53},"skip":true}]},"28":{"line":317,"type":"if","locations":[{"start":{"line":317,"column":12},"end":{"line":317,"column":12},"skip":true},{"start":{"line":317,"column":12},"end":{"line":317,"column":12},"skip":true}]}},"code":["/*","example.js","","quickstart example","","instruction","    1. save this script as example.js","    2. run the shell command:","        $ npm install npmtest-cluster-master && PORT=8081 node example.js","    3. play with the browser-demo on http://127.0.0.1:8081","*/","","","","/* istanbul instrument in package npmtest_cluster_master */","/*jslint","    bitwise: true,","    browser: true,","    maxerr: 8,","    maxlen: 96,","    node: true,","    nomen: true,","    regexp: true,","    stupid: true","*/","(function () {","    'use strict';","    var local;","","","","    // run shared js-env code - init-before","    (function () {","        // init local","        local = {};","        // init modeJs","        local.modeJs = (function () {","            try {","                return typeof navigator.userAgent === 'string' &&","                    typeof document.querySelector('body') === 'object' &&","                    typeof XMLHttpRequest.prototype.open === 'function' &&","                    'browser';","            } catch (errorCaughtBrowser) {","                return module.exports &&","                    typeof process.versions.node === 'string' &&","                    typeof require('http').createServer === 'function' &&","                    'node';","            }","        }());","        // init global","        local.global = local.modeJs === 'browser'","            ? window","            : global;","        // init utility2_rollup","        local = local.global.utility2_rollup || (local.modeJs === 'browser'","            ? local.global.utility2_npmtest_cluster_master","            : global.utility2_moduleExports);","        // export local","        local.global.local = local;","    }());","    switch (local.modeJs) {","","","","    // init-after","    // run browser js-env code - init-after","    /* istanbul ignore next */","    case 'browser':","        local.testRunBrowser = function (event) {","            if (!event || (event &&","                    event.currentTarget &&","                    event.currentTarget.className &&","                    event.currentTarget.className.includes &&","                    event.currentTarget.className.includes('onreset'))) {","                // reset output","                Array.from(","                    document.querySelectorAll('body > .resettable')","                ).forEach(function (element) {","                    switch (element.tagName) {","                    case 'INPUT':","                    case 'TEXTAREA':","                        element.value = '';","                        break;","                    default:","                        element.textContent = '';","                    }","                });","            }","            switch (event && event.currentTarget && event.currentTarget.id) {","            case 'testRunButton1':","                // show tests","                if (document.querySelector('#testReportDiv1').style.display === 'none') {","                    document.querySelector('#testReportDiv1').style.display = 'block';","                    document.querySelector('#testRunButton1').textContent =","                        'hide internal test';","                    local.modeTest = true;","                    local.testRunDefault(local);","                // hide tests","                } else {","                    document.querySelector('#testReportDiv1').style.display = 'none';","                    document.querySelector('#testRunButton1').textContent = 'run internal test';","                }","                break;","            // custom-case","            default:","                break;","            }","            if (document.querySelector('#inputTextareaEval1') && (!event || (event &&","                    event.currentTarget &&","                    event.currentTarget.className &&","                    event.currentTarget.className.includes &&","                    event.currentTarget.className.includes('oneval')))) {","                // try to eval input-code","                try {","                    /*jslint evil: true*/","                    eval(document.querySelector('#inputTextareaEval1').value);","                } catch (errorCaught) {","                    console.error(errorCaught);","                }","            }","        };","        // log stderr and stdout to #outputTextareaStdout1","        ['error', 'log'].forEach(function (key) {","            console[key + '_original'] = console[key];","            console[key] = function () {","                var element;","                console[key + '_original'].apply(console, arguments);","                element = document.querySelector('#outputTextareaStdout1');","                if (!element) {","                    return;","                }","                // append text to #outputTextareaStdout1","                element.value += Array.from(arguments).map(function (arg) {","                    return typeof arg === 'string'","                        ? arg","                        : JSON.stringify(arg, null, 4);","                }).join(' ') + '\\n';","                // scroll textarea to bottom","                element.scrollTop = element.scrollHeight;","            };","        });","        // init event-handling","        ['change', 'click', 'keyup'].forEach(function (event) {","            Array.from(document.querySelectorAll('.on' + event)).forEach(function (element) {","                element.addEventListener(event, local.testRunBrowser);","            });","        });","        // run tests","        local.testRunBrowser();","        break;","","","","    // run node js-env code - init-after","    /* istanbul ignore next */","    case 'node':","        // export local","        module.exports = local;","        // require modules","        local.fs = require('fs');","        local.http = require('http');","        local.url = require('url');","        // init assets","        local.assetsDict = local.assetsDict || {};","        /* jslint-ignore-begin */","        local.assetsDict['/assets.index.template.html'] = '\\","<!doctype html>\\n\\","<html lang=\"en\">\\n\\","<head>\\n\\","<meta charset=\"UTF-8\">\\n\\","<meta name=\"viewport\" content=\"width=device-width, initial-scale=1\">\\n\\","<title>{{env.npm_package_name}} (v{{env.npm_package_version}})</title>\\n\\","<style>\\n\\","/*csslint\\n\\","    box-sizing: false,\\n\\","    universal-selector: false\\n\\","*/\\n\\","* {\\n\\","    box-sizing: border-box;\\n\\","}\\n\\","body {\\n\\","    background: #dde;\\n\\","    font-family: Arial, Helvetica, sans-serif;\\n\\","    margin: 2rem;\\n\\","}\\n\\","body > * {\\n\\","    margin-bottom: 1rem;\\n\\","}\\n\\",".utility2FooterDiv {\\n\\","    margin-top: 20px;\\n\\","    text-align: center;\\n\\","}\\n\\","</style>\\n\\","<style>\\n\\","/*csslint\\n\\","*/\\n\\","textarea {\\n\\","    font-family: monospace;\\n\\","    height: 10rem;\\n\\","    width: 100%;\\n\\","}\\n\\","textarea[readonly] {\\n\\","    background: #ddd;\\n\\","}\\n\\","</style>\\n\\","</head>\\n\\","<body>\\n\\","<!-- utility2-comment\\n\\","<div id=\"ajaxProgressDiv1\" style=\"background: #d00; height: 2px; left: 0; margin: 0; padding: 0; position: fixed; top: 0; transition: background 0.5s, width 1.5s; width: 25%;\"></div>\\n\\","utility2-comment -->\\n\\","<h1>\\n\\","<!-- utility2-comment\\n\\","    <a\\n\\","        {{#if env.npm_package_homepage}}\\n\\","        href=\"{{env.npm_package_homepage}}\"\\n\\","        {{/if env.npm_package_homepage}}\\n\\","        target=\"_blank\"\\n\\","    >\\n\\","utility2-comment -->\\n\\","        {{env.npm_package_name}} (v{{env.npm_package_version}})\\n\\","<!-- utility2-comment\\n\\","    </a>\\n\\","utility2-comment -->\\n\\","</h1>\\n\\","<h3>{{env.npm_package_description}}</h3>\\n\\","<!-- utility2-comment\\n\\","<h4><a download href=\"assets.app.js\">download standalone app</a></h4>\\n\\","<button class=\"onclick onreset\" id=\"testRunButton1\">run internal test</button><br>\\n\\","<div id=\"testReportDiv1\" style=\"display: none;\"></div>\\n\\","utility2-comment -->\\n\\","\\n\\","\\n\\","\\n\\","<label>stderr and stdout</label>\\n\\","<textarea class=\"resettable\" id=\"outputTextareaStdout1\" readonly></textarea>\\n\\","<!-- utility2-comment\\n\\","{{#if isRollup}}\\n\\","<script src=\"assets.app.js\"></script>\\n\\","{{#unless isRollup}}\\n\\","utility2-comment -->\\n\\","<script src=\"assets.utility2.rollup.js\"></script>\\n\\","<script src=\"jsonp.utility2._stateInit?callback=window.utility2._stateInit\"></script>\\n\\","<script src=\"assets.npmtest_cluster_master.rollup.js\"></script>\\n\\","<script src=\"assets.example.js\"></script>\\n\\","<script src=\"assets.test.js\"></script>\\n\\","<!-- utility2-comment\\n\\","{{/if isRollup}}\\n\\","utility2-comment -->\\n\\","<div class=\"utility2FooterDiv\">\\n\\","    [ this app was created with\\n\\","    <a href=\"https://github.com/kaizhu256/node-utility2\" target=\"_blank\">utility2</a>\\n\\","    ]\\n\\","</div>\\n\\","</body>\\n\\","</html>\\n\\","';","        /* jslint-ignore-end */","        if (local.templateRender) {","            local.assetsDict['/'] = local.templateRender(","                local.assetsDict['/assets.index.template.html'],","                {","                    env: local.objectSetDefault(local.env, {","                        npm_package_description: 'the greatest app in the world!',","                        npm_package_name: 'my-app',","                        npm_package_nameAlias: 'my_app',","                        npm_package_version: '0.0.1'","                    })","                }","            );","        } else {","            local.assetsDict['/'] = local.assetsDict['/assets.index.template.html']","                .replace((/\\{\\{env\\.(\\w+?)\\}\\}/g), function (match0, match1) {","                    // jslint-hack","                    String(match0);","                    switch (match1) {","                    case 'npm_package_description':","                        return 'the greatest app in the world!';","                    case 'npm_package_name':","                        return 'my-app';","                    case 'npm_package_nameAlias':","                        return 'my_app';","                    case 'npm_package_version':","                        return '0.0.1';","                    }","                });","        }","        // run the cli","        if (local.global.utility2_rollup || module !== require.main) {","            break;","        }","        local.assetsDict['/assets.example.js'] =","            local.assetsDict['/assets.example.js'] ||","            local.fs.readFileSync(__filename, 'utf8');","        // bug-workaround - long $npm_package_buildCustomOrg","        /* jslint-ignore-begin */","        local.assetsDict['/assets.npmtest_cluster_master.rollup.js'] =","            local.assetsDict['/assets.npmtest_cluster_master.rollup.js'] ||","            local.fs.readFileSync(","                local.npmtest_cluster_master.__dirname + '/lib.npmtest_cluster_master.js',","                'utf8'","            ).replace((/^#!/), '//');","        /* jslint-ignore-end */","        local.assetsDict['/favicon.ico'] = local.assetsDict['/favicon.ico'] || '';","        // if $npm_config_timeout_exit exists,","        // then exit this process after $npm_config_timeout_exit ms","        if (Number(process.env.npm_config_timeout_exit)) {","            setTimeout(process.exit, Number(process.env.npm_config_timeout_exit));","        }","        // start server","        if (local.global.utility2_serverHttp1) {","            break;","        }","        process.env.PORT = process.env.PORT || '8081';","        console.error('server starting on port ' + process.env.PORT);","        local.http.createServer(function (request, response) {","            request.urlParsed = local.url.parse(request.url);","            if (local.assetsDict[request.urlParsed.pathname] !== undefined) {","                response.end(local.assetsDict[request.urlParsed.pathname]);","                return;","            }","            response.statusCode = 404;","            response.end();","        }).listen(process.env.PORT);","        break;","    }","}());",""],"l":{"26":2,"28":2,"33":2,"35":2,"37":2,"38":2,"39":2,"44":1,"51":2,"55":2,"59":2,"61":2,"69":1,"70":2,"76":2,"79":2,"82":2,"83":2,"85":1,"89":2,"92":1,"93":1,"94":1,"96":1,"97":1,"100":1,"101":1,"103":1,"106":1,"108":2,"114":1,"116":1,"118":1,"123":1,"124":2,"125":2,"126":3,"127":3,"128":3,"129":3,"130":1,"133":3,"134":3,"139":3,"143":1,"144":3,"145":1,"149":1,"150":1,"158":1,"160":1,"161":1,"162":1,"164":1,"166":1,"258":1,"259":1,"271":1,"274":6,"275":6,"277":1,"279":2,"281":1,"283":2,"288":1,"289":1,"291":1,"296":1,"303":1,"306":1,"307":1,"310":1,"311":1,"313":1,"314":1,"315":1,"316":1,"317":1,"318":1,"319":1,"321":1,"322":1,"324":1}},"/home/travis/build/npmtest/node-npmtest-cluster-master/node_modules/cluster-master/cluster-master.js":{"path":"/home/travis/build/npmtest/node-npmtest-cluster-master/node_modules/cluster-master/cluster-master.js","s":{"1":1,"2":1,"3":1,"4":1,"5":1,"6":1,"7":1,"8":1,"9":0,"10":0,"11":0,"12":0,"13":0,"14":0,"15":0,"16":0,"17":1,"18":0,"19":0,"20":0,"21":0,"22":0,"23":0,"24":0,"25":0,"26":0,"27":0,"28":0,"29":0,"30":0,"31":0,"32":0,"33":0,"34":0,"35":0,"36":0,"37":0,"38":0,"39":0,"40":0,"41":0,"42":0,"43":0,"44":0,"45":0,"46":1,"47":0,"48":0,"49":0,"50":0,"51":1,"52":0,"53":0,"54":0,"55":0,"56":0,"57":0,"58":0,"59":0,"60":0,"61":0,"62":0,"63":0,"64":0,"65":0,"66":0,"67":0,"68":0,"69":0,"70":0,"71":0,"72":0,"73":1,"74":0,"75":0,"76":0,"77":0,"78":0,"79":0,"80":0,"81":0,"82":0,"83":0,"84":0,"85":0,"86":0,"87":0,"88":0,"89":0,"90":0,"91":0,"92":0,"93":0,"94":0,"95":0,"96":0,"97":0,"98":0,"99":0,"100":0,"101":0,"102":0,"103":0,"104":0,"105":0,"106":0,"107":0,"108":0,"109":0,"110":0,"111":0,"112":0,"113":1,"114":0,"115":0,"116":0,"117":0,"118":0,"119":0,"120":0,"121":0,"122":0,"123":0,"124":0,"125":1,"126":0,"127":0,"128":0,"129":0,"130":1,"131":0,"132":1,"133":0,"134":1,"135":0,"136":0,"137":0,"138":0,"139":0,"140":0,"141":0,"142":0,"143":0,"144":0,"145":0,"146":0,"147":0,"148":0,"149":0,"150":0,"151":0,"152":0,"153":0,"154":0,"155":0,"156":0,"157":0,"158":0,"159":0,"160":0,"161":0,"162":1,"163":0,"164":0,"165":0,"166":0,"167":0,"168":0,"169":0,"170":0,"171":0,"172":0,"173":0,"174":0,"175":0,"176":1,"177":0,"178":0,"179":0,"180":0,"181":0,"182":0,"183":0,"184":0,"185":0,"186":0,"187":0,"188":0,"189":0,"190":0,"191":0,"192":0,"193":0,"194":0,"195":1,"196":0,"197":0,"198":0,"199":0,"200":0,"201":0,"202":0,"203":0,"204":1,"205":1,"206":1,"207":0,"208":0,"209":0,"210":0,"211":0,"212":0,"213":1,"214":0,"215":0,"216":0,"217":0,"218":0,"219":0,"220":0,"221":0,"222":0,"223":0,"224":0,"225":0,"226":0,"227":0,"228":0,"229":0,"230":0,"231":0,"232":0,"233":0,"234":0,"235":0,"236":1,"237":0,"238":0,"239":1,"240":0,"241":0,"242":0,"243":0,"244":0,"245":0,"246":0,"247":0,"248":0,"249":0,"250":0,"251":0,"252":0,"253":0,"254":1,"255":0,"256":0,"257":1,"258":0,"259":0,"260":0,"261":0,"262":0,"263":0,"264":0,"265":0,"266":0,"267":0,"268":0,"269":0,"270":0,"271":1,"272":0,"273":0,"274":0,"275":0,"276":0,"277":0},"b":{"1":[1,1],"2":[0,0],"3":[0,0],"4":[0,0],"5":[0,0],"6":[0,0],"7":[0,0],"8":[0,0],"9":[0,0],"10":[0,0],"11":[0,0],"12":[0,0],"13":[0,0],"14":[0,0],"15":[0,0],"16":[0,0],"17":[0,0],"18":[0,0],"19":[0,0],"20":[0,0],"21":[0,0],"22":[0,0],"23":[0,0],"24":[0,0],"25":[0,0],"26":[0,0],"27":[0,0],"28":[0,0],"29":[0,0],"30":[0,0],"31":[0,0],"32":[0,0],"33":[0,0],"34":[0,0],"35":[0,0],"36":[0,0],"37":[0,0],"38":[0,0],"39":[0,0],"40":[0,0],"41":[0,0],"42":[0,0],"43":[0,0],"44":[0,0],"45":[0,0],"46":[0,0],"47":[0,0],"48":[0,0],"49":[0,0],"50":[0,0],"51":[0,0],"52":[0,0],"53":[0,0],"54":[0,0],"55":[0,0],"56":[0,0],"57":[0,0],"58":[0,0],"59":[0,0],"60":[0,0],"61":[0,0]},"f":{"1":0,"2":0,"3":0,"4":0,"5":0,"6":0,"7":0,"8":0,"9":0,"10":0,"11":0,"12":0,"13":0,"14":0,"15":0,"16":0,"17":0,"18":0,"19":0,"20":0,"21":0,"22":0,"23":0,"24":0,"25":0,"26":0,"27":0,"28":0,"29":0,"30":0,"31":0,"32":0,"33":0,"34":0,"35":0,"36":0,"37":0,"38":0,"39":0,"40":0,"41":0,"42":0,"43":0,"44":0,"45":0,"46":0,"47":0,"48":0,"49":0,"50":0,"51":0},"fnMap":{"1":{"name":"debug","line":26,"loc":{"start":{"line":26,"column":0},"end":{"line":26,"column":18}}},"2":{"name":"(anonymous_2)","line":30,"loc":{"start":{"line":30,"column":36},"end":{"line":30,"column":49}}},"3":{"name":"clusterMaster","line":42,"loc":{"start":{"line":42,"column":0},"end":{"line":42,"column":32}}},"4":{"name":"select","line":89,"loc":{"start":{"line":89,"column":0},"end":{"line":89,"column":24}}},"5":{"name":"(anonymous_5)","line":90,"loc":{"start":{"line":90,"column":42},"end":{"line":90,"column":55}}},"6":{"name":"(anonymous_6)","line":92,"loc":{"start":{"line":92,"column":12},"end":{"line":92,"column":31}}},"7":{"name":"setupRepl","line":98,"loc":{"start":{"line":98,"column":0},"end":{"line":98,"column":22}}},"8":{"name":"(anonymous_8)","line":116,"loc":{"start":{"line":116,"column":22},"end":{"line":116,"column":36}}},"9":{"name":"startRepl","line":124,"loc":{"start":{"line":124,"column":2},"end":{"line":124,"column":24}}},"10":{"name":"(anonymous_10)","line":126,"loc":{"start":{"line":126,"column":23},"end":{"line":126,"column":34}}},"11":{"name":"(anonymous_11)","line":130,"loc":{"start":{"line":130,"column":38},"end":{"line":130,"column":54}}},"12":{"name":"(anonymous_12)","line":175,"loc":{"start":{"line":175,"column":17},"end":{"line":175,"column":20}}},"13":{"name":"(anonymous_13)","line":178,"loc":{"start":{"line":178,"column":24},"end":{"line":178,"column":27}}},"14":{"name":"(anonymous_14)","line":181,"loc":{"start":{"line":181,"column":20},"end":{"line":181,"column":23}}},"15":{"name":"(anonymous_15)","line":185,"loc":{"start":{"line":185,"column":50},"end":{"line":185,"column":63}}},"16":{"name":"(anonymous_16)","line":190,"loc":{"start":{"line":190,"column":17},"end":{"line":190,"column":20}}},"17":{"name":"(anonymous_17)","line":193,"loc":{"start":{"line":193,"column":17},"end":{"line":193,"column":20}}},"18":{"name":"(anonymous_18)","line":196,"loc":{"start":{"line":196,"column":19},"end":{"line":196,"column":22}}},"19":{"name":"(anonymous_19)","line":203,"loc":{"start":{"line":203,"column":57},"end":{"line":203,"column":70}}},"20":{"name":"(anonymous_20)","line":205,"loc":{"start":{"line":205,"column":16},"end":{"line":205,"column":35}}},"21":{"name":"(anonymous_21)","line":213,"loc":{"start":{"line":213,"column":18},"end":{"line":213,"column":30}}},"22":{"name":"end","line":224,"loc":{"start":{"line":224,"column":6},"end":{"line":224,"column":22}}},"23":{"name":"(anonymous_23)","line":234,"loc":{"start":{"line":234,"column":47},"end":{"line":234,"column":59}}},"24":{"name":"(anonymous_24)","line":238,"loc":{"start":{"line":238,"column":33},"end":{"line":238,"column":45}}},"25":{"name":"Worker","line":245,"loc":{"start":{"line":245,"column":0},"end":{"line":245,"column":20}}},"26":{"name":"(anonymous_26)","line":252,"loc":{"start":{"line":252,"column":30},"end":{"line":252,"column":42}}},"27":{"name":"(anonymous_27)","line":256,"loc":{"start":{"line":256,"column":24},"end":{"line":256,"column":36}}},"28":{"name":"forkListener","line":261,"loc":{"start":{"line":261,"column":0},"end":{"line":261,"column":25}}},"29":{"name":"(anonymous_29)","line":262,"loc":{"start":{"line":262,"column":21},"end":{"line":262,"column":39}}},"30":{"name":"(anonymous_30)","line":264,"loc":{"start":{"line":264,"column":48},"end":{"line":264,"column":60}}},"31":{"name":"(anonymous_31)","line":273,"loc":{"start":{"line":273,"column":22},"end":{"line":273,"column":34}}},"32":{"name":"(anonymous_32)","line":296,"loc":{"start":{"line":296,"column":28},"end":{"line":296,"column":40}}},"33":{"name":"(anonymous_33)","line":299,"loc":{"start":{"line":299,"column":35},"end":{"line":299,"column":47}}},"34":{"name":"restart","line":307,"loc":{"start":{"line":307,"column":0},"end":{"line":307,"column":22}}},"35":{"name":"(anonymous_35)","line":330,"loc":{"start":{"line":330,"column":31},"end":{"line":330,"column":43}}},"36":{"name":"graceful","line":340,"loc":{"start":{"line":340,"column":2},"end":{"line":340,"column":23}}},"37":{"name":"(anonymous_37)","line":361,"loc":{"start":{"line":361,"column":32},"end":{"line":361,"column":50}}},"38":{"name":"(anonymous_38)","line":362,"loc":{"start":{"line":362,"column":31},"end":{"line":362,"column":43}}},"39":{"name":"skeptic","line":370,"loc":{"start":{"line":370,"column":8},"end":{"line":370,"column":28}}},"40":{"name":"(anonymous_40)","line":377,"loc":{"start":{"line":377,"column":32},"end":{"line":377,"column":50}}},"41":{"name":"resize","line":393,"loc":{"start":{"line":393,"column":0},"end":{"line":393,"column":25}}},"42":{"name":"cb","line":402,"loc":{"start":{"line":402,"column":2},"end":{"line":402,"column":16}}},"43":{"name":"(anonymous_43)","line":408,"loc":{"start":{"line":408,"column":14},"end":{"line":408,"column":26}}},"44":{"name":"then","line":439,"loc":{"start":{"line":439,"column":2},"end":{"line":439,"column":19}}},"45":{"name":"then2","line":443,"loc":{"start":{"line":443,"column":2},"end":{"line":443,"column":20}}},"46":{"name":"quitHard","line":467,"loc":{"start":{"line":467,"column":0},"end":{"line":467,"column":21}}},"47":{"name":"quit","line":474,"loc":{"start":{"line":474,"column":0},"end":{"line":474,"column":17}}},"48":{"name":"(anonymous_48)","line":478,"loc":{"start":{"line":478,"column":41},"end":{"line":478,"column":55}}},"49":{"name":"(anonymous_49)","line":488,"loc":{"start":{"line":488,"column":10},"end":{"line":488,"column":22}}},"50":{"name":"setupSignals","line":495,"loc":{"start":{"line":495,"column":0},"end":{"line":495,"column":25}}},"51":{"name":"(anonymous_51)","line":503,"loc":{"start":{"line":503,"column":21},"end":{"line":503,"column":33}}}},"statementMap":{"1":{"start":{"line":3,"column":0},"end":{"line":17,"column":16}},"2":{"start":{"line":19,"column":0},"end":{"line":19,"column":40}},"3":{"start":{"line":20,"column":0},"end":{"line":20,"column":25}},"4":{"start":{"line":21,"column":0},"end":{"line":21,"column":23}},"5":{"start":{"line":22,"column":0},"end":{"line":22,"column":27}},"6":{"start":{"line":23,"column":0},"end":{"line":23,"column":19}},"7":{"start":{"line":25,"column":0},"end":{"line":25,"column":21}},"8":{"start":{"line":26,"column":0},"end":{"line":39,"column":1}},"9":{"start":{"line":27,"column":2},"end":{"line":27,"column":41}},"10":{"start":{"line":29,"column":2},"end":{"line":29,"column":46}},"11":{"start":{"line":30,"column":2},"end":{"line":38,"column":4}},"12":{"start":{"line":31,"column":4},"end":{"line":37,"column":5}},"13":{"start":{"line":33,"column":6},"end":{"line":33,"column":39}},"14":{"start":{"line":34,"column":6},"end":{"line":34,"column":68}},"15":{"start":{"line":34,"column":32},"end":{"line":34,"column":68}},"16":{"start":{"line":36,"column":6},"end":{"line":36,"column":28}},"17":{"start":{"line":42,"column":0},"end":{"line":87,"column":1}},"18":{"start":{"line":43,"column":2},"end":{"line":43,"column":59}},"19":{"start":{"line":43,"column":34},"end":{"line":43,"column":59}},"20":{"start":{"line":45,"column":2},"end":{"line":47,"column":3}},"21":{"start":{"line":46,"column":4},"end":{"line":46,"column":50}},"22":{"start":{"line":49,"column":2},"end":{"line":52,"column":3}},"23":{"start":{"line":50,"column":4},"end":{"line":51,"column":61}},"24":{"start":{"line":54,"column":2},"end":{"line":56,"column":3}},"25":{"start":{"line":55,"column":4},"end":{"line":55,"column":56}},"26":{"start":{"line":58,"column":2},"end":{"line":58,"column":41}},"27":{"start":{"line":60,"column":2},"end":{"line":60,"column":71}},"28":{"start":{"line":60,"column":42},"end":{"line":60,"column":71}},"29":{"start":{"line":62,"column":2},"end":{"line":62,"column":50}},"30":{"start":{"line":64,"column":2},"end":{"line":64,"column":47}},"31":{"start":{"line":66,"column":2},"end":{"line":66,"column":55}},"32":{"start":{"line":68,"column":2},"end":{"line":68,"column":18}},"33":{"start":{"line":70,"column":2},"end":{"line":70,"column":54}},"34":{"start":{"line":71,"column":2},"end":{"line":71,"column":45}},"35":{"start":{"line":71,"column":21},"end":{"line":71,"column":45}},"36":{"start":{"line":72,"column":2},"end":{"line":72,"column":45}},"37":{"start":{"line":72,"column":18},"end":{"line":72,"column":45}},"38":{"start":{"line":73,"column":2},"end":{"line":73,"column":48}},"39":{"start":{"line":73,"column":19},"end":{"line":73,"column":48}},"40":{"start":{"line":75,"column":2},"end":{"line":75,"column":33}},"41":{"start":{"line":77,"column":2},"end":{"line":80,"column":3}},"42":{"start":{"line":79,"column":4},"end":{"line":79,"column":18}},"43":{"start":{"line":82,"column":2},"end":{"line":82,"column":16}},"44":{"start":{"line":85,"column":2},"end":{"line":85,"column":68}},"45":{"start":{"line":86,"column":2},"end":{"line":86,"column":19}},"46":{"start":{"line":89,"column":0},"end":{"line":96,"column":1}},"47":{"start":{"line":90,"column":2},"end":{"line":95,"column":8}},"48":{"start":{"line":91,"column":4},"end":{"line":91,"column":41}},"49":{"start":{"line":93,"column":4},"end":{"line":93,"column":22}},"50":{"start":{"line":94,"column":4},"end":{"line":94,"column":14}},"51":{"start":{"line":98,"column":0},"end":{"line":243,"column":1}},"52":{"start":{"line":99,"column":2},"end":{"line":99,"column":30}},"53":{"start":{"line":99,"column":24},"end":{"line":99,"column":30}},"54":{"start":{"line":101,"column":2},"end":{"line":101,"column":21}},"55":{"start":{"line":102,"column":2},"end":{"line":102,"column":19}},"56":{"start":{"line":103,"column":2},"end":{"line":103,"column":31}},"57":{"start":{"line":104,"column":2},"end":{"line":112,"column":3}},"58":{"start":{"line":105,"column":4},"end":{"line":105,"column":42}},"59":{"start":{"line":106,"column":9},"end":{"line":112,"column":3}},"60":{"start":{"line":107,"column":4},"end":{"line":107,"column":28}},"61":{"start":{"line":108,"column":4},"end":{"line":108,"column":40}},"62":{"start":{"line":108,"column":24},"end":{"line":108,"column":40}},"63":{"start":{"line":109,"column":9},"end":{"line":112,"column":3}},"64":{"start":{"line":110,"column":4},"end":{"line":110,"column":33}},"65":{"start":{"line":111,"column":4},"end":{"line":111,"column":43}},"66":{"start":{"line":113,"column":2},"end":{"line":113,"column":21}},"67":{"start":{"line":115,"column":2},"end":{"line":122,"column":3}},"68":{"start":{"line":116,"column":4},"end":{"line":119,"column":6}},"69":{"start":{"line":117,"column":6},"end":{"line":117,"column":46}},"70":{"start":{"line":117,"column":38},"end":{"line":117,"column":46}},"71":{"start":{"line":118,"column":6},"end":{"line":118,"column":17}},"72":{"start":{"line":121,"column":4},"end":{"line":121,"column":15}},"73":{"start":{"line":124,"column":2},"end":{"line":242,"column":3}},"74":{"start":{"line":125,"column":4},"end":{"line":125,"column":49}},"75":{"start":{"line":126,"column":4},"end":{"line":128,"column":6}},"76":{"start":{"line":127,"column":6},"end":{"line":127,"column":49}},"77":{"start":{"line":127,"column":12},"end":{"line":127,"column":34}},"78":{"start":{"line":129,"column":4},"end":{"line":129,"column":18}},"79":{"start":{"line":130,"column":4},"end":{"line":231,"column":6}},"80":{"start":{"line":131,"column":6},"end":{"line":131,"column":20}},"81":{"start":{"line":132,"column":6},"end":{"line":132,"column":23}},"82":{"start":{"line":134,"column":6},"end":{"line":134,"column":25}},"83":{"start":{"line":135,"column":6},"end":{"line":135,"column":43}},"84":{"start":{"line":137,"column":6},"end":{"line":137,"column":45}},"85":{"start":{"line":138,"column":6},"end":{"line":145,"column":8}},"86":{"start":{"line":147,"column":6},"end":{"line":165,"column":7}},"87":{"start":{"line":167,"column":6},"end":{"line":202,"column":7}},"88":{"start":{"line":176,"column":10},"end":{"line":176,"column":28}},"89":{"start":{"line":179,"column":10},"end":{"line":179,"column":28}},"90":{"start":{"line":182,"column":10},"end":{"line":182,"column":31}},"91":{"start":{"line":183,"column":10},"end":{"line":183,"column":33}},"92":{"start":{"line":184,"column":10},"end":{"line":184,"column":31}},"93":{"start":{"line":185,"column":10},"end":{"line":187,"column":12}},"94":{"start":{"line":186,"column":12},"end":{"line":186,"column":75}},"95":{"start":{"line":191,"column":10},"end":{"line":191,"column":30}},"96":{"start":{"line":194,"column":10},"end":{"line":194,"column":30}},"97":{"start":{"line":197,"column":10},"end":{"line":197,"column":32}},"98":{"start":{"line":203,"column":6},"end":{"line":208,"column":12}},"99":{"start":{"line":204,"column":8},"end":{"line":204,"column":63}},"100":{"start":{"line":206,"column":8},"end":{"line":206,"column":26}},"101":{"start":{"line":207,"column":8},"end":{"line":207,"column":18}},"102":{"start":{"line":209,"column":6},"end":{"line":209,"column":46}},"103":{"start":{"line":211,"column":6},"end":{"line":211,"column":19}},"104":{"start":{"line":213,"column":6},"end":{"line":217,"column":8}},"105":{"start":{"line":214,"column":8},"end":{"line":214,"column":22}},"106":{"start":{"line":215,"column":8},"end":{"line":215,"column":24}},"107":{"start":{"line":216,"column":8},"end":{"line":216,"column":30}},"108":{"start":{"line":216,"column":20},"end":{"line":216,"column":30}},"109":{"start":{"line":219,"column":6},"end":{"line":219,"column":25}},"110":{"start":{"line":220,"column":6},"end":{"line":220,"column":27}},"111":{"start":{"line":221,"column":6},"end":{"line":221,"column":27}},"112":{"start":{"line":223,"column":6},"end":{"line":223,"column":19}},"113":{"start":{"line":224,"column":6},"end":{"line":229,"column":7}},"114":{"start":{"line":225,"column":8},"end":{"line":225,"column":25}},"115":{"start":{"line":225,"column":19},"end":{"line":225,"column":25}},"116":{"start":{"line":226,"column":8},"end":{"line":226,"column":20}},"117":{"start":{"line":227,"column":8},"end":{"line":227,"column":37}},"118":{"start":{"line":227,"column":24},"end":{"line":227,"column":37}},"119":{"start":{"line":228,"column":8},"end":{"line":228,"column":45}},"120":{"start":{"line":233,"column":4},"end":{"line":241,"column":5}},"121":{"start":{"line":234,"column":6},"end":{"line":236,"column":8}},"122":{"start":{"line":235,"column":8},"end":{"line":235,"column":74}},"123":{"start":{"line":238,"column":6},"end":{"line":240,"column":8}},"124":{"start":{"line":239,"column":8},"end":{"line":239,"column":56}},"125":{"start":{"line":245,"column":0},"end":{"line":250,"column":1}},"126":{"start":{"line":246,"column":2},"end":{"line":246,"column":16}},"127":{"start":{"line":247,"column":2},"end":{"line":247,"column":18}},"128":{"start":{"line":248,"column":2},"end":{"line":248,"column":22}},"129":{"start":{"line":249,"column":2},"end":{"line":249,"column":18}},"130":{"start":{"line":252,"column":0},"end":{"line":254,"column":1}},"131":{"start":{"line":253,"column":2},"end":{"line":253,"column":39}},"132":{"start":{"line":256,"column":0},"end":{"line":258,"column":1}},"133":{"start":{"line":257,"column":2},"end":{"line":257,"column":24}},"134":{"start":{"line":261,"column":0},"end":{"line":305,"column":1}},"135":{"start":{"line":262,"column":2},"end":{"line":304,"column":4}},"136":{"start":{"line":263,"column":4},"end":{"line":263,"column":29}},"137":{"start":{"line":264,"column":4},"end":{"line":266,"column":46}},"138":{"start":{"line":265,"column":6},"end":{"line":265,"column":36}},"139":{"start":{"line":267,"column":4},"end":{"line":267,"column":35}},"140":{"start":{"line":268,"column":4},"end":{"line":268,"column":22}},"141":{"start":{"line":269,"column":4},"end":{"line":269,"column":37}},"142":{"start":{"line":270,"column":4},"end":{"line":270,"column":50}},"143":{"start":{"line":270,"column":19},"end":{"line":270,"column":50}},"144":{"start":{"line":271,"column":4},"end":{"line":271,"column":23}},"145":{"start":{"line":273,"column":4},"end":{"line":294,"column":6}},"146":{"start":{"line":274,"column":6},"end":{"line":274,"column":35}},"147":{"start":{"line":276,"column":6},"end":{"line":289,"column":7}},"148":{"start":{"line":277,"column":8},"end":{"line":277,"column":48}},"149":{"start":{"line":280,"column":8},"end":{"line":286,"column":9}},"150":{"start":{"line":281,"column":10},"end":{"line":281,"column":57}},"151":{"start":{"line":282,"column":10},"end":{"line":282,"column":23}},"152":{"start":{"line":284,"column":10},"end":{"line":284,"column":34}},"153":{"start":{"line":285,"column":10},"end":{"line":285,"column":16}},"154":{"start":{"line":288,"column":8},"end":{"line":288,"column":37}},"155":{"start":{"line":291,"column":6},"end":{"line":293,"column":7}},"156":{"start":{"line":292,"column":8},"end":{"line":292,"column":16}},"157":{"start":{"line":296,"column":4},"end":{"line":303,"column":6}},"158":{"start":{"line":297,"column":6},"end":{"line":297,"column":39}},"159":{"start":{"line":299,"column":6},"end":{"line":302,"column":14}},"160":{"start":{"line":300,"column":8},"end":{"line":300,"column":50}},"161":{"start":{"line":301,"column":8},"end":{"line":301,"column":38}},"162":{"start":{"line":307,"column":0},"end":{"line":387,"column":1}},"163":{"start":{"line":308,"column":2},"end":{"line":311,"column":3}},"164":{"start":{"line":309,"column":4},"end":{"line":309,"column":53}},"165":{"start":{"line":310,"column":4},"end":{"line":310,"column":10}},"166":{"start":{"line":313,"column":2},"end":{"line":313,"column":19}},"167":{"start":{"line":319,"column":2},"end":{"line":321,"column":31}},"168":{"start":{"line":323,"column":2},"end":{"line":323,"column":11}},"169":{"start":{"line":326,"column":2},"end":{"line":335,"column":3}},"170":{"start":{"line":327,"column":4},"end":{"line":328,"column":52}},"171":{"start":{"line":330,"column":4},"end":{"line":334,"column":6}},"172":{"start":{"line":331,"column":6},"end":{"line":331,"column":24}},"173":{"start":{"line":332,"column":6},"end":{"line":332,"column":26}},"174":{"start":{"line":333,"column":6},"end":{"line":333,"column":16}},"175":{"start":{"line":339,"column":2},"end":{"line":339,"column":12}},"176":{"start":{"line":340,"column":2},"end":{"line":386,"column":3}},"177":{"start":{"line":341,"column":4},"end":{"line":341,"column":41}},"178":{"start":{"line":342,"column":4},"end":{"line":346,"column":5}},"179":{"start":{"line":343,"column":6},"end":{"line":343,"column":34}},"180":{"start":{"line":344,"column":6},"end":{"line":344,"column":24}},"181":{"start":{"line":345,"column":6},"end":{"line":345,"column":23}},"182":{"start":{"line":348,"column":4},"end":{"line":350,"column":34}},"183":{"start":{"line":352,"column":4},"end":{"line":357,"column":5}},"184":{"start":{"line":353,"column":6},"end":{"line":355,"column":7}},"185":{"start":{"line":354,"column":8},"end":{"line":354,"column":27}},"186":{"start":{"line":356,"column":6},"end":{"line":356,"column":23}},"187":{"start":{"line":360,"column":4},"end":{"line":383,"column":5}},"188":{"start":{"line":361,"column":6},"end":{"line":375,"column":8}},"189":{"start":{"line":362,"column":8},"end":{"line":368,"column":16}},"190":{"start":{"line":363,"column":10},"end":{"line":363,"column":48}},"191":{"start":{"line":364,"column":10},"end":{"line":366,"column":11}},"192":{"start":{"line":365,"column":12},"end":{"line":365,"column":31}},"193":{"start":{"line":367,"column":10},"end":{"line":367,"column":20}},"194":{"start":{"line":369,"column":8},"end":{"line":369,"column":34}},"195":{"start":{"line":370,"column":8},"end":{"line":374,"column":9}},"196":{"start":{"line":371,"column":10},"end":{"line":371,"column":61}},"197":{"start":{"line":372,"column":10},"end":{"line":372,"column":28}},"198":{"start":{"line":373,"column":10},"end":{"line":373,"column":29}},"199":{"start":{"line":377,"column":6},"end":{"line":381,"column":8}},"200":{"start":{"line":378,"column":8},"end":{"line":380,"column":9}},"201":{"start":{"line":379,"column":10},"end":{"line":379,"column":29}},"202":{"start":{"line":382,"column":6},"end":{"line":382,"column":16}},"203":{"start":{"line":385,"column":4},"end":{"line":385,"column":21}},"204":{"start":{"line":391,"column":0},"end":{"line":391,"column":20}},"205":{"start":{"line":392,"column":0},"end":{"line":392,"column":18}},"206":{"start":{"line":393,"column":0},"end":{"line":463,"column":1}},"207":{"start":{"line":394,"column":2},"end":{"line":394,"column":55}},"208":{"start":{"line":394,"column":31},"end":{"line":394,"column":55}},"209":{"start":{"line":396,"column":2},"end":{"line":397,"column":23}},"210":{"start":{"line":397,"column":4},"end":{"line":397,"column":23}},"211":{"start":{"line":399,"column":2},"end":{"line":400,"column":10}},"212":{"start":{"line":400,"column":4},"end":{"line":400,"column":10}},"213":{"start":{"line":402,"column":2},"end":{"line":423,"column":3}},"214":{"start":{"line":403,"column":4},"end":{"line":403,"column":34}},"215":{"start":{"line":405,"column":4},"end":{"line":405,"column":20}},"216":{"start":{"line":406,"column":4},"end":{"line":406,"column":30}},"217":{"start":{"line":407,"column":4},"end":{"line":407,"column":24}},"218":{"start":{"line":408,"column":4},"end":{"line":410,"column":6}},"219":{"start":{"line":409,"column":6},"end":{"line":409,"column":9}},"220":{"start":{"line":411,"column":4},"end":{"line":422,"column":5}},"221":{"start":{"line":412,"column":6},"end":{"line":419,"column":7}},"222":{"start":{"line":413,"column":8},"end":{"line":413,"column":51}},"223":{"start":{"line":414,"column":8},"end":{"line":414,"column":23}},"224":{"start":{"line":416,"column":8},"end":{"line":416,"column":21}},"225":{"start":{"line":417,"column":8},"end":{"line":417,"column":48}},"226":{"start":{"line":418,"column":8},"end":{"line":418,"column":32}},"227":{"start":{"line":421,"column":6},"end":{"line":421,"column":20}},"228":{"start":{"line":425,"column":2},"end":{"line":425,"column":29}},"229":{"start":{"line":425,"column":14},"end":{"line":425,"column":29}},"230":{"start":{"line":426,"column":2},"end":{"line":428,"column":25}},"231":{"start":{"line":431,"column":2},"end":{"line":431,"column":42}},"232":{"start":{"line":433,"column":2},"end":{"line":436,"column":3}},"233":{"start":{"line":434,"column":4},"end":{"line":434,"column":20}},"234":{"start":{"line":435,"column":4},"end":{"line":435,"column":15}},"235":{"start":{"line":438,"column":2},"end":{"line":438,"column":17}},"236":{"start":{"line":439,"column":2},"end":{"line":442,"column":3}},"237":{"start":{"line":440,"column":4},"end":{"line":440,"column":14}},"238":{"start":{"line":441,"column":4},"end":{"line":441,"column":16}},"239":{"start":{"line":443,"column":2},"end":{"line":448,"column":3}},"240":{"start":{"line":444,"column":4},"end":{"line":447,"column":5}},"241":{"start":{"line":445,"column":6},"end":{"line":445,"column":22}},"242":{"start":{"line":446,"column":6},"end":{"line":446,"column":17}},"243":{"start":{"line":451,"column":2},"end":{"line":462,"column":3}},"244":{"start":{"line":451,"column":15},"end":{"line":455,"column":3}},"245":{"start":{"line":452,"column":4},"end":{"line":452,"column":29}},"246":{"start":{"line":453,"column":4},"end":{"line":453,"column":37}},"247":{"start":{"line":454,"column":4},"end":{"line":454,"column":21}},"248":{"start":{"line":455,"column":9},"end":{"line":462,"column":3}},"249":{"start":{"line":456,"column":4},"end":{"line":456,"column":44}},"250":{"start":{"line":457,"column":4},"end":{"line":457,"column":38}},"251":{"start":{"line":458,"column":4},"end":{"line":458,"column":31}},"252":{"start":{"line":459,"column":4},"end":{"line":461,"column":5}},"253":{"start":{"line":460,"column":6},"end":{"line":460,"column":25}},"254":{"start":{"line":467,"column":0},"end":{"line":470,"column":1}},"255":{"start":{"line":468,"column":2},"end":{"line":468,"column":17}},"256":{"start":{"line":469,"column":2},"end":{"line":469,"column":8}},"257":{"start":{"line":474,"column":0},"end":{"line":492,"column":1}},"258":{"start":{"line":475,"column":2},"end":{"line":483,"column":3}},"259":{"start":{"line":476,"column":4},"end":{"line":476,"column":30}},"260":{"start":{"line":478,"column":4},"end":{"line":481,"column":6}},"261":{"start":{"line":479,"column":6},"end":{"line":479,"column":33}},"262":{"start":{"line":480,"column":6},"end":{"line":480,"column":51}},"263":{"start":{"line":480,"column":26},"end":{"line":480,"column":51}},"264":{"start":{"line":482,"column":4},"end":{"line":482,"column":19}},"265":{"start":{"line":485,"column":2},"end":{"line":485,"column":31}},"266":{"start":{"line":486,"column":2},"end":{"line":486,"column":17}},"267":{"start":{"line":487,"column":2},"end":{"line":487,"column":17}},"268":{"start":{"line":488,"column":2},"end":{"line":491,"column":4}},"269":{"start":{"line":489,"column":4},"end":{"line":489,"column":41}},"270":{"start":{"line":490,"column":4},"end":{"line":490,"column":19}},"271":{"start":{"line":495,"column":0},"end":{"line":506,"column":1}},"272":{"start":{"line":496,"column":2},"end":{"line":501,"column":3}},"273":{"start":{"line":497,"column":4},"end":{"line":497,"column":33}},"274":{"start":{"line":498,"column":4},"end":{"line":498,"column":30}},"275":{"start":{"line":503,"column":2},"end":{"line":505,"column":4}},"276":{"start":{"line":504,"column":4},"end":{"line":504,"column":29}},"277":{"start":{"line":504,"column":19},"end":{"line":504,"column":29}}},"branchMap":{"1":{"line":12,"type":"binary-expr","locations":[{"start":{"line":12,"column":20},"end":{"line":12,"column":51}},{"start":{"line":12,"column":55},"end":{"line":12,"column":78}}]},"2":{"line":34,"type":"if","locations":[{"start":{"line":34,"column":6},"end":{"line":34,"column":6}},{"start":{"line":34,"column":6},"end":{"line":34,"column":6}}]},"3":{"line":43,"type":"if","locations":[{"start":{"line":43,"column":2},"end":{"line":43,"column":2}},{"start":{"line":43,"column":2},"end":{"line":43,"column":2}}]},"4":{"line":45,"type":"if","locations":[{"start":{"line":45,"column":2},"end":{"line":45,"column":2}},{"start":{"line":45,"column":2},"end":{"line":45,"column":2}}]},"5":{"line":49,"type":"if","locations":[{"start":{"line":49,"column":2},"end":{"line":49,"column":2}},{"start":{"line":49,"column":2},"end":{"line":49,"column":2}}]},"6":{"line":54,"type":"if","locations":[{"start":{"line":54,"column":2},"end":{"line":54,"column":2}},{"start":{"line":54,"column":2},"end":{"line":54,"column":2}}]},"7":{"line":60,"type":"if","locations":[{"start":{"line":60,"column":2},"end":{"line":60,"column":2}},{"start":{"line":60,"column":2},"end":{"line":60,"column":2}}]},"8":{"line":62,"type":"binary-expr","locations":[{"start":{"line":62,"column":14},"end":{"line":62,"column":30}},{"start":{"line":62,"column":34},"end":{"line":62,"column":50}}]},"9":{"line":64,"type":"binary-expr","locations":[{
[...]
5,"column":19},"end":{"line":345,"column":23}}]},"38":{"line":352,"type":"if","locations":[{"start":{"line":352,"column":4},"end":{"line":352,"column":4}},{"start":{"line":352,"column":4},"end":{"line":352,"column":4}}]},"39":{"line":353,"type":"if","locations":[{"start":{"line":353,"column":6},"end":{"line":353,"column":6}},{"start":{"line":353,"column":6},"end":{"line":353,"column":6}}]},"40":{"line":353,"type":"binary-expr","locations":[{"start":{"line":353,"column":10},"end":{"line":353,"column":16}},{"start":{"line":353,"column":20},"end":{"line":353,"column":44}}]},"41":{"line":360,"type":"if","locations":[{"start":{"line":360,"column":4},"end":{"line":360,"column":4}},{"start":{"line":360,"column":4},"end":{"line":360,"column":4}}]},"42":{"line":364,"type":"if","locations":[{"start":{"line":364,"column":10},"end":{"line":364,"column":10}},{"start":{"line":364,"column":10},"end":{"line":364,"column":10}}]},"43":{"line":364,"type":"binary-expr","locations":[{"start":{"line":364,"column":14},"end":{"line":364,"column":20}},{"start":{"line":364,"column":24},"end":{"line":364,"column":48}}]},"44":{"line":378,"type":"if","locations":[{"start":{"line":378,"column":8},"end":{"line":378,"column":8}},{"start":{"line":378,"column":8},"end":{"line":378,"column":8}}]},"45":{"line":378,"type":"binary-expr","locations":[{"start":{"line":378,"column":12},"end":{"line":378,"column":18}},{"start":{"line":378,"column":22},"end":{"line":378,"column":46}}]},"46":{"line":394,"type":"if","locations":[{"start":{"line":394,"column":2},"end":{"line":394,"column":2}},{"start":{"line":394,"column":2},"end":{"line":394,"column":2}}]},"47":{"line":396,"type":"if","locations":[{"start":{"line":396,"column":2},"end":{"line":396,"column":2}},{"start":{"line":396,"column":2},"end":{"line":396,"column":2}}]},"48":{"line":399,"type":"if","locations":[{"start":{"line":399,"column":2},"end":{"line":399,"column":2}},{"start":{"line":399,"column":2},"end":{"line":399,"column":2}}]},"49":{"line":411,"type":"if","locations":[{"start":{"line":411,"column":4},"end":{"line":411,"column":4}},{"start":{"line":411,"column":4},"end":{"line":411,"column":4}}]},"50":{"line":412,"type":"if","locations":[{"start":{"line":412,"column":6},"end":{"line":412,"column":6}},{"start":{"line":412,"column":6},"end":{"line":412,"column":6}}]},"51":{"line":412,"type":"binary-expr","locations":[{"start":{"line":412,"column":10},"end":{"line":412,"column":16}},{"start":{"line":412,"column":20},"end":{"line":412,"column":37}}]},"52":{"line":425,"type":"if","locations":[{"start":{"line":425,"column":2},"end":{"line":425,"column":2}},{"start":{"line":425,"column":2},"end":{"line":425,"column":2}}]},"53":{"line":433,"type":"if","locations":[{"start":{"line":433,"column":2},"end":{"line":433,"column":2}},{"start":{"line":433,"column":2},"end":{"line":433,"column":2}}]},"54":{"line":444,"type":"if","locations":[{"start":{"line":444,"column":4},"end":{"line":444,"column":4}},{"start":{"line":444,"column":4},"end":{"line":444,"column":4}}]},"55":{"line":451,"type":"if","locations":[{"start":{"line":451,"column":2},"end":{"line":451,"column":2}},{"start":{"line":451,"column":2},"end":{"line":451,"column":2}}]},"56":{"line":459,"type":"if","locations":[{"start":{"line":459,"column":4},"end":{"line":459,"column":4}},{"start":{"line":459,"column":4},"end":{"line":459,"column":4}}]},"57":{"line":459,"type":"binary-expr","locations":[{"start":{"line":459,"column":8},"end":{"line":459,"column":14}},{"start":{"line":459,"column":18},"end":{"line":459,"column":42}}]},"58":{"line":475,"type":"if","locations":[{"start":{"line":475,"column":2},"end":{"line":475,"column":2}},{"start":{"line":475,"column":2},"end":{"line":475,"column":2}}]},"59":{"line":480,"type":"if","locations":[{"start":{"line":480,"column":6},"end":{"line":480,"column":6}},{"start":{"line":480,"column":6},"end":{"line":480,"column":6}}]},"60":{"line":480,"type":"binary-expr","locations":[{"start":{"line":480,"column":10},"end":{"line":480,"column":11}},{"start":{"line":480,"column":15},"end":{"line":480,"column":24}}]},"61":{"line":504,"type":"if","locations":[{"start":{"line":504,"column":4},"end":{"line":504,"column":4}},{"start":{"line":504,"column":4},"end":{"line":504,"column":4}}]}},"code":["// Set up a cluster and set up resizing and such.","","var cluster = require(\"cluster\")",", quitting = false",", restarting = false",", path = require(\"path\")",", clusterSize = 0",", env",", os = require(\"os\")",", onmessage",", repl = require('repl')",", replAddressPath = process.env.CLUSTER_MASTER_REPL || 'cluster-master-socket'",", net = require('net')",", fs = require('fs')",", util = require('util')",", minRestartAge = 2000",", danger = false","","exports = module.exports = clusterMaster","exports.restart = restart","exports.resize = resize","exports.quitHard = quitHard","exports.quit = quit","","var debugStreams = {}","function debug () {","  console.error.apply(console, arguments)","","  var msg = util.format.apply(util, arguments)","  Object.keys(debugStreams).forEach(function (s) {","    try {","      // if the write fails, just remove it.","      debugStreams[s].write(msg + '\\n')","      if (debugStreams[s].repl) debugStreams[s].repl.displayPrompt()","    } catch (e) {","      delete debugStreams[s]","    }","  })","}","","","function clusterMaster (config) {","  if (typeof config === \"string\") config = { exec: config }","","  if (!config.exec) {","    throw new Error(\"Must define a 'exec' script\")","  }","","  if (!cluster.isMaster) {","    throw new Error(\"ClusterMaster answers to no one!\\n\"+","                    \"(don't run in a cluster worker script)\")","  }","","  if (cluster._clusterMaster) {","    throw new Error(\"This cluster has a master already\")","  }","","  cluster._clusterMaster = module.exports","","  if (typeof config.repl !== 'undefined') replAddressPath = config.repl  // allow null and false","","  onmessage = config.onMessage || config.onmessage","","  clusterSize = config.size || os.cpus().length","","  minRestartAge = config.minRestartAge || minRestartAge","","  env = config.env","","  var masterConf = { exec: path.resolve(config.exec) }","  if (config.silent) masterConf.silent = true","  if (config.env) masterConf.env = config.env","  if (config.args) masterConf.args = config.args","","  cluster.setupMaster(masterConf)","","  if (config.signals !== false) {","    // sighup/sigint listeners","    setupSignals()","  }","","  forkListener()","","  // now make it the right size","  debug((replAddressPath) ? 'resize and then setup repl' : 'resize')","  resize(setupRepl)","}","","function select (field) {","  return Object.keys(cluster.workers).map(function (k) {","    return [k, cluster.workers[k][field]]","  }).reduce(function (set, kv) {","    set[kv[0]] = kv[1]","    return set","  }, {})","}","","function setupRepl () {","  if (!replAddressPath) return  // was disabled","","  debug('setup repl')","  var socket = null","  var socketAddress = undefined","  if (typeof replAddressPath === 'string') {","    socket = path.resolve(replAddressPath)","  } else if (typeof replAddressPath === 'number') {","    socket = replAddressPath","    if (!isNaN(socket)) socket = +socket","  } else if (replAddressPath.address && replAddressPath.port) {","    socket = replAddressPath.port","    socketAddress = replAddressPath.address","  }","  var connections = 0","","  if (typeof socket === 'string') {","    fs.unlink(socket, function (er) {","      if (er && er.code !== 'ENOENT') throw er","      startRepl()","    })","  } else {","    startRepl()","  }","","  function startRepl () {","    console.error('starting repl on '+socket+'=')","    process.on('exit', function() {","      try { fs.unlinkSync(socket) } catch (er) {}","    })","    var sockId = 0","    var replServer = net.createServer(function (sock) {","      connections ++","      replEnded = false","","      sock.id = sockId ++","      debugStreams['repl-' + sockId] = sock","","      sock.write('Starting repl #' + sock.id)","      var r = repl.start({","        prompt: 'ClusterMaster (`help` for cmds) ' + process.pid + ' ' + sock.id + '> ',","        input: sock,","        output: sock,","        terminal: true,","        useGlobal: false,","        ignoreUndefined: true","      })","","      var helpCommands = [","        'help        - display these commands',","        'repl        - access the REPL',","        'resize(n)   - resize the cluster to `n` workers',","        'restart(cb) - gracefully restart workers, cb is optional',","        'stop()      - gracefully stop workers and master',","        'kill()      - forcefully kill workers and master',","        'cluster     - node.js cluster module',","        'size        - current cluster size',","        'connections - number of REPL connections to master',","        'workers     - current workers',","        'select(fld) - map of id to field (from workers)',","        'pids        - map of id to pids',","        'ages        - map of id to worker ages',","        'states      - map of id to worker states',","        'debug(a1)   - output `a1` to stdout and all REPLs',","        'sock        - this REPL socket',","        '.exit       - close this connection to the REPL'","      ]","","      var context = {","        help: helpCommands,","        repl: r,","        resize: resize,","        restart: restart,","        stop: quit,","        kill: quitHard,","        cluster: cluster,","        get size () {","          return clusterSize","        },","        get connections () {","          return connections","        },","        get workers () {","          var p = select('pid')","          var s = select('state')","          var a = select('age')","          return Object.keys(cluster.workers).map(function (k) {","            return new Worker({ id: k, pid: p[k], state: s[k], age: a[k] })","          })","        },","        select: select,","        get pids () {","          return select('pid')","        },","        get ages () {","          return select('age')","        },","        get states () {","          return select('state')","        },","        // like 'wall'","        debug: debug,","        sock: sock","      }","      var desc = Object.getOwnPropertyNames(context).map(function (n) {","        return [n, Object.getOwnPropertyDescriptor(context, n)]","      }).reduce(function (set, kv) {","        set[kv[0]] = kv[1]","        return set","      }, {})","      Object.defineProperties(r.context, desc)","","      sock.repl = r","","      r.on('end', function () {","        connections --","        replEnded = true","        if (!ended) sock.end()","      })","","      sock.on('end', end)","      sock.on('close', end)","      sock.on('error', end)","","      ended = false","      function end () {","        if (ended) return","        ended = true","        if (!replEnded) r.rli.close()","        delete debugStreams['repl-' + sockId]","      }","","    })","","    if (socketAddress) {","      replServer.listen(socket, socketAddress, function () {","        debug('ClusterMaster repl listening on '+socketAddress+':'+socket)","      })","    } else {","      replServer.listen(socket,  function () {","        debug('ClusterMaster repl listening on '+socket)","      })","    }","  }","}","","function Worker (d) {","  this.id = d.id","  this.pid = d.pid","  this.state = d.state","  this.age = d.age","}","","Worker.prototype.disconnect = function () {","  cluster.workers[this.id].disconnect()","}","","Worker.prototype.kill = function () {","  process.kill(this.pid)","}","","","function forkListener () {","  cluster.on(\"fork\", function (worker) {","    worker.birth = Date.now()","    Object.defineProperty(worker, 'age', { get: function () {","      return Date.now() - this.birth","    }, enumerable: true, configurable: true })","    worker.pid = worker.process.pid","    var id = worker.id","    debug(\"Worker %j setting up\", id)","    if (onmessage) worker.on(\"message\", onmessage)","    var disconnectTimer","","    worker.on(\"exit\", function () {","      clearTimeout(disconnectTimer)","","      if (!worker.suicide) {","        debug(\"Worker %j exited abnormally\", id)","        // don't respawn right away if it's a very fast failure.","        // otherwise server crashes are hard to detect from monitors.","        if (worker.age < minRestartAge) {","          debug(\"Worker %j died too quickly, danger\", id)","          danger = true","          // still try again in a few seconds, though.","          setTimeout(resize, 2000)","          return","        }","      } else {","        debug(\"Worker %j exited\", id)","      }","","      if (Object.keys(cluster.workers).length < clusterSize && !resizing) {","        resize()","      }","    })","","    worker.on(\"disconnect\", function () {","      debug(\"Worker %j disconnect\", id)","      // give it 1 second to shut down gracefully, or kill","      disconnectTimer = setTimeout(function () {","        debug(\"Worker %j, forcefully killing\", id)","        worker.process.kill(\"SIGKILL\")","      }, 5000)","    })","  })","}","","function restart (cb) {","  if (restarting) {","    debug(\"Already restarting.  Cannot restart yet.\")","    return","  }","","  restarting = true","","  // graceful restart.","  // all the existing workers get killed, and this","  // causes new ones to be spawned.  If there aren't","  // already the intended number, then fork new extras.","  var current = Object.keys(cluster.workers)","  , length = current.length","  , reqs = clusterSize - length","","  var i = 0","","  // if we're resizing, then just kill off a few.","  if (reqs !== 0) {","    debug('resize %d -> %d, change = %d',","                  current.length, clusterSize, reqs)","","    return resize(clusterSize, function () {","      debug('resize cb')","      length = clusterSize","      graceful()","    })","  }","","  // all the current workers, kill and then wait for a","  // new one to spawn before moving on.","  graceful()","  function graceful () {","    debug(\"graceful %d of %d\", i, length)","    if (i >= current.length) {","      debug(\"graceful completion\")","      restarting = false","      return cb && cb()","    }","","    var first = (i === 0)","    , id = current[i++]","    , worker = cluster.workers[id]","","    if (quitting) {","      if (worker && worker.process.connected) {","        worker.disconnect()","      }","      return graceful()","    }","","    // start a new one. if it lives for 2 seconds, kill the worker.","    if (first) {","      cluster.once('listening', function (newbie) {","        var timer = setTimeout(function () {","          newbie.removeListener('exit', skeptic)","          if (worker && worker.process.connected) {","            worker.disconnect()","          }","          graceful()","        }, 2000)","        newbie.on('exit', skeptic)","        function skeptic () {","          debug('New worker died quickly. Aborting restart.')","          restarting = false","          clearTimeout(timer)","        }","      })","    } else {","      cluster.once('listening', function (newbie) {","        if (worker && worker.process.connected) {","          worker.disconnect()","        }","      })","      graceful()","    }","","    cluster.fork(env)","  }","}","","","","var resizing = false","var resizeCbs = []","function resize (n, cb_) {","  if (typeof n === 'function') cb_ = n, n = clusterSize","","  if (cb_)","    resizeCbs.push(cb_)","","  if (resizing)","    return","","  function cb() {","    console.error('done resizing')","","    resizing = false","    var q = resizeCbs.slice(0)","    resizeCbs.length = 0","    q.forEach(function(c) {","      c()","    })","    if (clusterSize !== Object.keys(cluster.workers).length) {","      if (danger && clusterSize === 0) {","        debug('DANGER! something bad has happened')","        process.exit(1)","      } else {","        danger = true","        debug('DANGER! wrong number of workers')","        setTimeout(resize, 1000)","      }","    } else {","      danger = false","    }","  }","","  if (n >= 0) clusterSize = n","  var current = Object.keys(cluster.workers)","  , c = current.length","  , req = clusterSize - c","","  // avoid angry \"listening\" listeners","  cluster.setMaxListeners(clusterSize * 2)","","  if (c === clusterSize) {","    resizing = false","    return cb()","  }","","  var thenCnt = 0","  function then () {","    thenCnt ++","    return then2","  }","  function then2 () {","    if (--thenCnt === 0) {","      resizing = false","      return cb()","    }","  }","","  // make us have the right number of them.","  if (req > 0) while (req -- > 0) {","    debug('resizing up', req)","    cluster.once('listening', then())","    cluster.fork(env)","  } else for (var i = clusterSize; i < c; i ++) {","    var worker = cluster.workers[current[i]]","    debug('resizing down', current[i])","    worker.once('exit', then())","    if (worker && worker.process.connected) {","      worker.disconnect()","    }","  }","}","","","","function quitHard () {","  quitting = true","  quit()","}","","","","function quit () {","  if (quitting) {","    debug(\"Forceful shutdown\")","    // last ditch effort to force-kill all workers.","    Object.keys(cluster.workers).forEach(function (id) {","      var w = cluster.workers[id]","      if (w && w.process) w.process.kill(\"SIGKILL\")","    })","    process.exit(1)","  }","","  debug(\"Graceful shutdown...\")","  clusterSize = 0","  quitting = true","  restart(function () {","    debug(\"Graceful shutdown successful\")","    process.exit(0)","  })","}","","","function setupSignals () {","  try {","    process.on(\"SIGHUP\", restart)","    process.on(\"SIGINT\", quit)","  } catch (e) {","    // Must be on Windows, waaa-waaah.","  }","","  process.on(\"exit\", function () {","    if (!quitting) quitHard()","  })","}",""],"l":{"3":1,"19":1,"20":1,"21":1,"22":1,"23":1,"25":1,"26":1,"27":0,"29":0,"30":0,"31":0,"33":0,"34":0,"36":0,"42":1,"43":0,"45":0,"46":0,"49":0,"50":0,"54":0,"55":0,"58":0,"60":0,"62":0,"64":0,"66":0,"68":0,"70":0,"71":0,"72":0,"73":0,"75":0,"77":0,"79":0,"82":0,"85":0,"86":0,"89":1,"90":0,"91":0,"93":0,"94":0,"98":1,"99":0,"101":0,"102":0,"103":0,"104":0,"105":0,"106":0,"107":0,"108":0,"109":0,"110":0,"111":0,"113":0,"115":0,"116":0,"117":0,"118":0,"121":0,"124":1,"125":0,"126":0,"127":0,"129":0,"130":0,"131":0,"132":0,"134":0,"135":0,"137":0,"138":0,"147":0,"167":0,"176":0,"179":0,"182":0,"183":0,"184":0,"185":0,"186":0,"191":0,"194":0,"197":0,"203":0,"204":0,"206":0,"207":0,"209":0,"211":0,"213":0,"214":0,"215":0,"216":0,"219":0,"220":0,"221":0,"223":0,"224":1,"225":0,"226":0,"227":0,"228":0,"233":0,"234":0,"235":0,"238":0,"239":0,"245":1,"246":0,"247":0,"248":0,"249":0,"252":1,"253":0,"256":1,"257":0,"261":1,"262":0,"263":0,"264":0,"265":0,"267":0,"268":0,"269":0,"270":0,"271":0,"273":0,"274":0,"276":0,"277":0,"280":0,"281":0,"282":0,"284":0,"285":0,"288":0,"291":0,"292":0,"296":0,"297":0,"299":0,"300":0,"301":0,"307":1,"308":0,"309":0,"310":0,"313":0,"319":0,"323":0,"326":0,"327":0,"330":0,"331":0,"332":0,"333":0,"339":0,"340":1,"341":0,"342":0,"343":0,"344":0,"345":0,"348":0,"352":0,"353":0,"354":0,"356":0,"360":0,"361":0,"362":0,"363":0,"364":0,"365":0,"367":0,"369":0,"370":1,"371":0,"372":0,"373":0,"377":0,"378":0,"379":0,"382":0,"385":0,"391":1,"392":1,"393":1,"394":0,"396":0,"397":0,"399":0,"400":0,"402":1,"403":0,"405":0,"406":0,"407":0,"408":0,"409":0,"411":0,"412":0,"413":0,"414":0,"416":0,"417":0,"418":0,"421":0,"425":0,"426":0,"431":0,"433":0,"434":0,"435":0,"438":0,"439":1,"440":0,"441":0,"443":1,"444":0,"445":0,"446":0,"451":0,"452":0,"453":0,"454":0,"455":0,"456":0,"457":0,"458":0,"459":0,"460":0,"467":1,"468":0,"469":0,"474":1,"475":0,"476":0,"478":0,"479":0,"480":0,"482":0,"485":0,"486":0,"487":0,"488":0,"489":0,"490":0,"495":1,"496":0,"497":0,"498":0,"503":0,"504":0}}}